#
# There is insufficient memory for the Java Runtime Environment to continue.
# Native memory allocation (mmap) failed to map 65536 bytes for Failed to commit metaspace.
# Possible reasons:
#   The system is out of physical RAM or swap space
#   The process is running with CompressedOops enabled, and the Java Heap may be blocking the growth of the native heap
# Possible solutions:
#   Reduce memory load on the system
#   Increase physical memory or swap space
#   Check if swap backing store is full
#   Decrease Java heap size (-Xmx/-Xms)
#   Decrease number of Java threads
#   Decrease Java thread stack sizes (-Xss)
#   Set larger code cache with -XX:ReservedCodeCacheSize=
#   JVM is running with Unscaled Compressed Oops mode in which the Java heap is
#     placed in the first 4GB address space. The Java Heap base address is the
#     maximum limit for the native heap growth. Please use -XX:HeapBaseMinAddress
#     to set the Java Heap base and to place the Java Heap above 4GB virtual address.
# This output file may be truncated or incomplete.
#
#  Out of Memory Error (virtualSpaceNode.cpp:110), pid=17196, tid=11776
#
# JRE version: Java(TM) SE Runtime Environment (19.0+36) (build 19+36-2238)
# Java VM: Java HotSpot(TM) 64-Bit Server VM (19+36-2238, mixed mode, emulated-client, sharing, tiered, compressed oops, compressed class ptrs, g1 gc, windows-amd64)
# No core dump will be written. Minidumps are not enabled by default on client versions of Windows
#

---------------  S U M M A R Y ------------

Command Line: -XX:TieredStopAtLevel=1 -Dspring.output.ansi.enabled=always -Dcom.sun.management.jmxremote -Dspring.jmx.enabled=true -Dspring.liveBeansView.mbeanDomain -Dspring.application.admin.enabled=true -javaagent:D:\Intelij2\IntelliJ IDEA 2022.2.3\lib\idea_rt.jar=64144:D:\Intelij2\IntelliJ IDEA 2022.2.3\bin -Dfile.encoding=UTF-8 -Dsun.stdout.encoding=UTF-8 -Dsun.stderr.encoding=UTF-8 mk.finki.ukim.mk.lab.LabApplication

Host: AMD Ryzen 7 2700X Eight-Core Processor         , 16 cores, 7G,  Windows 10 , 64 bit Build 19041 (10.0.19041.1889)
Time: Fri Nov  4 16:15:58 2022 Central European Standard Time elapsed time: 0.297466 seconds (0d 0h 0m 0s)

---------------  T H R E A D  ---------------

Current thread (0x000001ec91f8a6f0):  JavaThread "main" [_thread_in_vm, id=11776, stack(0x0000001f6b300000,0x0000001f6b400000)]

Stack: [0x0000001f6b300000,0x0000001f6b400000]
Native frames: (J=compiled Java code, j=interpreted, Vv=VM code, C=native code)
V  [jvm.dll+0x6ee8fa]
V  [jvm.dll+0x857a1e]
V  [jvm.dll+0x85940e]
V  [jvm.dll+0x859ac3]
V  [jvm.dll+0x28291f]
V  [jvm.dll+0x85369b]
V  [jvm.dll+0x693276]
V  [jvm.dll+0x1f29b7]
V  [jvm.dll+0x695cb2]
V  [jvm.dll+0x695a9e]
V  [jvm.dll+0x693c9e]
V  [jvm.dll+0x3c500f]
V  [jvm.dll+0x21608b]
V  [jvm.dll+0x5aa300]
V  [jvm.dll+0x22567a]
V  [jvm.dll+0x7ccb72]
V  [jvm.dll+0x7cdfba]
V  [jvm.dll+0x7ce2e8]
V  [jvm.dll+0x4718ce]
C  [java.dll+0x13e9]

Java frames: (J=compiled Java code, j=interpreted, Vv=VM code)
j  java.lang.Class.forName0(Ljava/lang/String;ZLjava/lang/ClassLoader;Ljava/lang/Class;)Ljava/lang/Class;+0 java.base@19
j  java.lang.Class.forName(Ljava/lang/String;Ljava/lang/Class;)Ljava/lang/Class;+19 java.base@19
j  java.lang.Class.forName(Ljava/lang/String;)Ljava/lang/Class;+6 java.base@19
j  java.security.Provider$Service.getImplClass()Ljava/lang/Class;+64 java.base@19
j  java.security.Provider$Service.getDefaultConstructor()Ljava/lang/reflect/Constructor;+46 java.base@19
j  java.security.Provider$Service.newInstanceOf()Ljava/lang/Object;+1 java.base@19
j  java.security.Provider$Service.newInstanceUtil(Ljava/lang/Class;Ljava/lang/Object;)Ljava/lang/Object;+5 java.base@19
j  java.security.Provider$Service.newInstance(Ljava/lang/Object;)Ljava/lang/Object;+227 java.base@19
j  sun.security.jca.GetInstance.getInstance(Ljava/security/Provider$Service;Ljava/lang/Class;)Lsun/security/jca/GetInstance$Instance;+2 java.base@19
j  sun.security.jca.GetInstance.getInstance(Ljava/lang/String;Ljava/lang/Class;Ljava/lang/String;Ljava/lang/String;)Lsun/security/jca/GetInstance$Instance;+7 java.base@19
j  java.security.MessageDigest.getInstance(Ljava/lang/String;Ljava/lang/String;)Ljava/security/MessageDigest;+34 java.base@19
j  sun.security.provider.HashDrbg.initEngine()V+7 java.base@19
j  sun.security.provider.AbstractDrbg.instantiateIfNecessary([B)V+46 java.base@19
j  sun.security.provider.AbstractDrbg.engineNextBytes([BLjava/security/SecureRandomParameters;)V+162 java.base@19
j  sun.security.provider.AbstractDrbg.engineNextBytes([B)V+11 java.base@19
j  sun.security.provider.AbstractDrbg$SeederHolder.lambda$static$0(Lsun/security/provider/HashDrbg;IIIZ)[B+23 java.base@19
j  sun.security.provider.AbstractDrbg$SeederHolder$$Lambda$90+0x000000080100d800.getEntropy(IIIZ)[B+9 java.base@19
j  sun.security.provider.AbstractDrbg.getEntropyInput(IIIZ)[B+99 java.base@19
j  sun.security.provider.AbstractDrbg.getEntropyInput(Z)[B+14 java.base@19
j  sun.security.provider.AbstractDrbg.instantiateIfNecessary([B)V+16 java.base@19
j  sun.security.provider.AbstractDrbg.engineNextBytes([BLjava/security/SecureRandomParameters;)V+162 java.base@19
j  sun.security.provider.AbstractDrbg.engineNextBytes([B)V+11 java.base@19
j  sun.security.provider.DRBG.engineNextBytes([B)V+5 java.base@19
j  java.security.SecureRandom.nextBytes([B)V+12 java.base@19
j  java.security.SecureRandom.next(I)I+17 java.base@19
j  java.util.Random.nextInt()I+3 java.base@19
j  java.rmi.server.UID.<init>()V+23 java.rmi@19
j  java.rmi.server.ObjID.<clinit>()V+14 java.rmi@19
v  ~StubRoutines::call_stub 0x000001ec9b6b100e
j  sun.rmi.transport.LiveRef.<init>(ILjava/rmi/server/RMIClientSocketFactory;Ljava/rmi/server/RMIServerSocketFactory;)V+1 java.rmi@19
j  sun.rmi.server.UnicastServerRef2.<init>(ILjava/rmi/server/RMIClientSocketFactory;Ljava/rmi/server/RMIServerSocketFactory;Ljava/io/ObjectInputFilter;)V+8 java.rmi@19
j  sun.management.jmxremote.ConnectorBootstrap$PermanentExporter.exportObject(Ljava/rmi/Remote;ILjava/rmi/server/RMIClientSocketFactory;Ljava/rmi/server/RMIServerSocketFactory;Ljava/io/ObjectInputFilter;)Ljava/rmi/Remote;+72 jdk.management.agent@19
j  javax.management.remote.rmi.RMIJRMPServerImpl.export(Ljava/rmi/Remote;Ljava/io/ObjectInputFilter;)V+62 java.management.rmi@19
j  javax.management.remote.rmi.RMIJRMPServerImpl.export()V+6 java.management.rmi@19
j  javax.management.remote.rmi.RMIConnectorServer.start()V+246 java.management.rmi@19
j  sun.management.jmxremote.ConnectorBootstrap.startLocalConnectorServer()Ljavax/management/remote/JMXConnectorServer;+290 jdk.management.agent@19
j  jdk.internal.agent.Agent.startLocalManagementAgent()V+13 jdk.management.agent@19
j  jdk.internal.agent.Agent.startAgent(Ljava/util/Properties;)V+58 jdk.management.agent@19
j  jdk.internal.agent.Agent.startAgent()V+20 jdk.management.agent@19
v  ~StubRoutines::call_stub 0x000001ec9b6b100e

---------------  P R O C E S S  ---------------

Threads class SMR info:
_java_thread_list=0x000001ecab86b820, length=15, elements={
0x000001ec91f8a6f0, 0x000001eca70f9050, 0x000001eca70fbe50, 0x000001eca70ff730,
0x000001eca7102330, 0x000001eca7103c70, 0x000001eca71056f0, 0x000001eca7110990,
0x000001eca711af30, 0x000001eca70cfba0, 0x000001ecab4dbbd0, 0x000001ecab4e0160,
0x000001ecab753360, 0x000001ecab7538a0, 0x000001ecab89a660
}

Java Threads: ( => current thread )
=>0x000001ec91f8a6f0 JavaThread "main" [_thread_in_vm, id=11776, stack(0x0000001f6b300000,0x0000001f6b400000)]
  0x000001eca70f9050 JavaThread "Reference Handler" daemon [_thread_blocked, id=5620, stack(0x0000001f6ba00000,0x0000001f6bb00000)]
  0x000001eca70fbe50 JavaThread "Finalizer" daemon [_thread_blocked, id=9272, stack(0x0000001f6bb00000,0x0000001f6bc00000)]
  0x000001eca70ff730 JavaThread "Signal Dispatcher" daemon [_thread_blocked, id=14448, stack(0x0000001f6bc00000,0x0000001f6bd00000)]
  0x000001eca7102330 JavaThread "Attach Listener" daemon [_thread_blocked, id=4728, stack(0x0000001f6bd00000,0x0000001f6be00000)]
  0x000001eca7103c70 JavaThread "Service Thread" daemon [_thread_blocked, id=11252, stack(0x0000001f6be00000,0x0000001f6bf00000)]
  0x000001eca71056f0 JavaThread "Monitor Deflation Thread" daemon [_thread_blocked, id=8228, stack(0x0000001f6bf00000,0x0000001f6c000000)]
  0x000001eca7110990 JavaThread "C1 CompilerThread0" daemon [_thread_blocked, id=13812, stack(0x0000001f6c000000,0x0000001f6c100000)]
  0x000001eca711af30 JavaThread "Sweeper thread" daemon [_thread_blocked, id=8416, stack(0x0000001f6c100000,0x0000001f6c200000)]
  0x000001eca70cfba0 JavaThread "Common-Cleaner" daemon [_thread_blocked, id=9504, stack(0x0000001f6c200000,0x0000001f6c300000)]
  0x000001ecab4dbbd0 JavaThread "C1 CompilerThread1" daemon [_thread_blocked, id=2760, stack(0x0000001f6c300000,0x0000001f6c400000)]
  0x000001ecab4e0160 JavaThread "C1 CompilerThread2" daemon [_thread_blocked, id=8172, stack(0x0000001f6c400000,0x0000001f6c500000)]
  0x000001ecab753360 JavaThread "Monitor Ctrl-Break" daemon [_thread_in_native, id=10168, stack(0x0000001f6c500000,0x0000001f6c600000)]
  0x000001ecab7538a0 JavaThread "Notification Thread" daemon [_thread_blocked, id=9220, stack(0x0000001f6c600000,0x0000001f6c700000)]
  0x000001ecab89a660 JavaThread "C1 CompilerThread3" daemon [_thread_blocked, id=17116, stack(0x0000001f6c700000,0x0000001f6c800000)]

Other Threads:
  0x000001eca70dfa90 VMThread "VM Thread" [stack: 0x0000001f6b900000,0x0000001f6ba00000] [id=3128]
  0x000001ec91fe9c90 WorkerThread "GC Thread#0" [stack: 0x0000001f6b400000,0x0000001f6b500000] [id=5344]
  0x000001ec91ffbc20 ConcurrentGCThread "G1 Main Marker" [stack: 0x0000001f6b500000,0x0000001f6b600000] [id=16984]
  0x000001ec91ffcdf0 WorkerThread "G1 Conc#0" [stack: 0x0000001f6b600000,0x0000001f6b700000] [id=4292]
  0x000001ec9204e840 ConcurrentGCThread "G1 Refine#0" [stack: 0x0000001f6b700000,0x0000001f6b800000] [id=7412]
  0x000001eca6f99550 ConcurrentGCThread "G1 Service" [stack: 0x0000001f6b800000,0x0000001f6b900000] [id=12860]

Threads with active compile tasks:

VM state: not at safepoint (normal execution)

VM Mutex/Monitor currently owned by a thread:  ([mutex/lock_event])
[0x000001ec91f83450] Metaspace_lock - owner thread: 0x000001ec91f8a6f0

Heap address: 0x0000000080c00000, size: 2036 MB, Compressed Oops mode: 32-bit

CDS archive(s) mapped at: [0x0000000800000000-0x0000000800c40000-0x0000000800c40000), size 12845056, SharedBaseAddress: 0x0000000800000000, ArchiveRelocationMode: 0.
Compressed class space mapped at: 0x0000000801000000-0x0000000841000000, reserved size: 1073741824
Narrow klass base: 0x0000000800000000, Narrow klass shift: 0, Narrow klass range: 0x100000000

GC Precious Log:
 CardTable entry size: 512
 Card Set container configuration: InlinePtr #cards 5 size 8 Array Of Cards #cards 12 size 40 Howl #buckets 4 coarsen threshold 1843 Howl Bitmap #cards 512 size 80 coarsen threshold 460 Card regions per heap region 1 cards per card region 2048
 CPUs: 16 total, 16 available
 Memory: 8140M
 Large Page Support: Disabled
 NUMA Support: Disabled
 Compressed Oops: Enabled (32-bit)
 Heap Region Size: 1M
 Heap Min Capacity: 8M
 Heap Initial Capacity: 128M
 Heap Max Capacity: 2036M
 Pre-touch: Disabled
 Parallel Workers: 13
 Concurrent Workers: 3
 Concurrent Refinement Workers: 13
 Periodic GC: Disabled

Heap:
 garbage-first heap   total 131072K, used 11264K [0x0000000080c00000, 0x0000000100000000)
  region size 1024K, 12 young (12288K), 0 survivors (0K)
 Metaspace       used 4193K, committed 4288K, reserved 1114112K
  class space    used 484K, committed 512K, reserved 1048576K

Heap Regions: E=young(eden), S=young(survivor), O=old, HS=humongous(starts), HC=humongous(continues), CS=collection set, F=free, OA=open archive, CA=closed archive, TAMS=top-at-mark-start (previous, next)
|   0|0x0000000080c00000, 0x0000000080c00000, 0x0000000080d00000|  0%| F|  |TAMS 0x0000000080c00000, 0x0000000080c00000| Untracked 
|   1|0x0000000080d00000, 0x0000000080d00000, 0x0000000080e00000|  0%| F|  |TAMS 0x0000000080d00000, 0x0000000080d00000| Untracked 
|   2|0x0000000080e00000, 0x0000000080e00000, 0x0000000080f00000|  0%| F|  |TAMS 0x0000000080e00000, 0x0000000080e00000| Untracked 
|   3|0x0000000080f00000, 0x0000000080f00000, 0x0000000081000000|  0%| F|  |TAMS 0x0000000080f00000, 0x0000000080f00000| Untracked 
|   4|0x0000000081000000, 0x0000000081000000, 0x0000000081100000|  0%| F|  |TAMS 0x0000000081000000, 0x0000000081000000| Untracked 
|   5|0x0000000081100000, 0x0000000081100000, 0x0000000081200000|  0%| F|  |TAMS 0x0000000081100000, 0x0000000081100000| Untracked 
|   6|0x0000000081200000, 0x0000000081200000, 0x0000000081300000|  0%| F|  |TAMS 0x0000000081200000, 0x0000000081200000| Untracked 
|   7|0x0000000081300000, 0x0000000081300000, 0x0000000081400000|  0%| F|  |TAMS 0x0000000081300000, 0x0000000081300000| Untracked 
|   8|0x0000000081400000, 0x0000000081400000, 0x0000000081500000|  0%| F|  |TAMS 0x0000000081400000, 0x0000000081400000| Untracked 
|   9|0x0000000081500000, 0x0000000081500000, 0x0000000081600000|  0%| F|  |TAMS 0x0000000081500000, 0x0000000081500000| Untracked 
|  10|0x0000000081600000, 0x0000000081600000, 0x0000000081700000|  0%| F|  |TAMS 0x0000000081600000, 0x0000000081600000| Untracked 
|  11|0x0000000081700000, 0x0000000081700000, 0x0000000081800000|  0%| F|  |TAMS 0x0000000081700000, 0x0000000081700000| Untracked 
|  12|0x0000000081800000, 0x0000000081800000, 0x0000000081900000|  0%| F|  |TAMS 0x0000000081800000, 0x0000000081800000| Untracked 
|  13|0x0000000081900000, 0x0000000081900000, 0x0000000081a00000|  0%| F|  |TAMS 0x0000000081900000, 0x0000000081900000| Untracked 
|  14|0x0000000081a00000, 0x0000000081a00000, 0x0000000081b00000|  0%| F|  |TAMS 0x0000000081a00000, 0x0000000081a00000| Untracked 
|  15|0x0000000081b00000, 0x0000000081b00000, 0x0000000081c00000|  0%| F|  |TAMS 0x0000000081b00000, 0x0000000081b00000| Untracked 
|  16|0x0000000081c00000, 0x0000000081c00000, 0x0000000081d00000|  0%| F|  |TAMS 0x0000000081c00000, 0x0000000081c00000| Untracked 
|  17|0x0000000081d00000, 0x0000000081d00000, 0x0000000081e00000|  0%| F|  |TAMS 0x0000000081d00000, 0x0000000081d00000| Untracked 
|  18|0x0000000081e00000, 0x0000000081e00000, 0x0000000081f00000|  0%| F|  |TAMS 0x0000000081e00000, 0x0000000081e00000| Untracked 
|  19|0x0000000081f00000, 0x0000000081f00000, 0x0000000082000000|  0%| F|  |TAMS 0x0000000081f00000, 0x0000000081f00000| Untracked 
|  20|0x0000000082000000, 0x0000000082000000, 0x0000000082100000|  0%| F|  |TAMS 0x0000000082000000, 0x0000000082000000| Untracked 
|  21|0x0000000082100000, 0x0000000082100000, 0x0000000082200000|  0%| F|  |TAMS 0x0000000082100000, 0x0000000082100000| Untracked 
|  22|0x0000000082200000, 0x0000000082200000, 0x0000000082300000|  0%| F|  |TAMS 0x0000000082200000, 0x0000000082200000| Untracked 
|  23|0x0000000082300000, 0x0000000082300000, 0x0000000082400000|  0%| F|  |TAMS 0x0000000082300000, 0x0000000082300000| Untracked 
|  24|0x0000000082400000, 0x0000000082400000, 0x0000000082500000|  0%| F|  |TAMS 0x0000000082400000, 0x0000000082400000| Untracked 
|  25|0x0000000082500000, 0x0000000082500000, 0x0000000082600000|  0%| F|  |TAMS 0x0000000082500000, 0x0000000082500000| Untracked 
|  26|0x0000000082600000, 0x0000000082600000, 0x0000000082700000|  0%| F|  |TAMS 0x0000000082600000, 0x0000000082600000| Untracked 
|  27|0x0000000082700000, 0x0000000082700000, 0x0000000082800000|  0%| F|  |TAMS 0x0000000082700000, 0x0000000082700000| Untracked 
|  28|0x0000000082800000, 0x0000000082800000, 0x0000000082900000|  0%| F|  |TAMS 0x0000000082800000, 0x0000000082800000| Untracked 
|  29|0x0000000082900000, 0x0000000082900000, 0x0000000082a00000|  0%| F|  |TAMS 0x0000000082900000, 0x0000000082900000| Untracked 
|  30|0x0000000082a00000, 0x0000000082a00000, 0x0000000082b00000|  0%| F|  |TAMS 0x0000000082a00000, 0x0000000082a00000| Untracked 
|  31|0x0000000082b00000, 0x0000000082b00000, 0x0000000082c00000|  0%| F|  |TAMS 0x0000000082b00000, 0x0000000082b00000| Untracked 
|  32|0x0000000082c00000, 0x0000000082c00000, 0x0000000082d00000|  0%| F|  |TAMS 0x0000000082c00000, 0x0000000082c00000| Untracked 
|  33|0x0000000082d00000, 0x0000000082d00000, 0x0000000082e00000|  0%| F|  |TAMS 0x0000000082d00000, 0x0000000082d00000| Untracked 
|  34|0x0000000082e00000, 0x0000000082e00000, 0x0000000082f00000|  0%| F|  |TAMS 0x0000000082e00000, 0x0000000082e00000| Untracked 
|  35|0x0000000082f00000, 0x0000000082f00000, 0x0000000083000000|  0%| F|  |TAMS 0x0000000082f00000, 0x0000000082f00000| Untracked 
|  36|0x0000000083000000, 0x0000000083000000, 0x0000000083100000|  0%| F|  |TAMS 0x0000000083000000, 0x0000000083000000| Untracked 
|  37|0x0000000083100000, 0x0000000083100000, 0x0000000083200000|  0%| F|  |TAMS 0x0000000083100000, 0x0000000083100000| Untracked 
|  38|0x0000000083200000, 0x0000000083200000, 0x0000000083300000|  0%| F|  |TAMS 0x0000000083200000, 0x0000000083200000| Untracked 
|  39|0x0000000083300000, 0x0000000083300000, 0x0000000083400000|  0%| F|  |TAMS 0x0000000083300000, 0x0000000083300000| Untracked 
|  40|0x0000000083400000, 0x0000000083400000, 0x0000000083500000|  0%| F|  |TAMS 0x0000000083400000, 0x0000000083400000| Untracked 
|  41|0x0000000083500000, 0x0000000083500000, 0x0000000083600000|  0%| F|  |TAMS 0x0000000083500000, 0x0000000083500000| Untracked 
|  42|0x0000000083600000, 0x0000000083600000, 0x0000000083700000|  0%| F|  |TAMS 0x0000000083600000, 0x0000000083600000| Untracked 
|  43|0x0000000083700000, 0x0000000083700000, 0x0000000083800000|  0%| F|  |TAMS 0x0000000083700000, 0x0000000083700000| Untracked 
|  44|0x0000000083800000, 0x0000000083800000, 0x0000000083900000|  0%| F|  |TAMS 0x0000000083800000, 0x0000000083800000| Untracked 
|  45|0x0000000083900000, 0x0000000083900000, 0x0000000083a00000|  0%| F|  |TAMS 0x0000000083900000, 0x0000000083900000| Untracked 
|  46|0x0000000083a00000, 0x0000000083a00000, 0x0000000083b00000|  0%| F|  |TAMS 0x0000000083a00000, 0x0000000083a00000| Untracked 
|  47|0x0000000083b00000, 0x0000000083b00000, 0x0000000083c00000|  0%| F|  |TAMS 0x0000000083b00000, 0x0000000083b00000| Untracked 
|  48|0x0000000083c00000, 0x0000000083c00000, 0x0000000083d00000|  0%| F|  |TAMS 0x0000000083c00000, 0x0000000083c00000| Untracked 
|  49|0x0000000083d00000, 0x0000000083d00000, 0x0000000083e00000|  0%| F|  |TAMS 0x0000000083d00000, 0x0000000083d00000| Untracked 
|  50|0x0000000083e00000, 0x0000000083e00000, 0x0000000083f00000|  0%| F|  |TAMS 0x0000000083e00000, 0x0000000083e00000| Untracked 
|  51|0x0000000083f00000, 0x0000000083f00000, 0x0000000084000000|  0%| F|  |TAMS 0x0000000083f00000, 0x0000000083f00000| Untracked 
|  52|0x0000000084000000, 0x0000000084000000, 0x0000000084100000|  0%| F|  |TAMS 0x0000000084000000, 0x0000000084000000| Untracked 
|  53|0x0000000084100000, 0x0000000084100000, 0x0000000084200000|  0%| F|  |TAMS 0x0000000084100000, 0x0000000084100000| Untracked 
|  54|0x0000000084200000, 0x0000000084200000, 0x0000000084300000|  0%| F|  |TAMS 0x0000000084200000, 0x0000000084200000| Untracked 
|  55|0x0000000084300000, 0x0000000084300000, 0x0000000084400000|  0%| F|  |TAMS 0x0000000084300000, 0x0000000084300000| Untracked 
|  56|0x0000000084400000, 0x0000000084400000, 0x0000000084500000|  0%| F|  |TAMS 0x0000000084400000, 0x0000000084400000| Untracked 
|  57|0x0000000084500000, 0x0000000084500000, 0x0000000084600000|  0%| F|  |TAMS 0x0000000084500000, 0x0000000084500000| Untracked 
|  58|0x0000000084600000, 0x0000000084600000, 0x0000000084700000|  0%| F|  |TAMS 0x0000000084600000, 0x0000000084600000| Untracked 
|  59|0x0000000084700000, 0x0000000084700000, 0x0000000084800000|  0%| F|  |TAMS 0x0000000084700000, 0x0000000084700000| Untracked 
|  60|0x0000000084800000, 0x0000000084800000, 0x0000000084900000|  0%| F|  |TAMS 0x0000000084800000, 0x0000000084800000| Untracked 
|  61|0x0000000084900000, 0x0000000084900000, 0x0000000084a00000|  0%| F|  |TAMS 0x0000000084900000, 0x0000000084900000| Untracked 
|  62|0x0000000084a00000, 0x0000000084a00000, 0x0000000084b00000|  0%| F|  |TAMS 0x0000000084a00000, 0x0000000084a00000| Untracked 
|  63|0x0000000084b00000, 0x0000000084b00000, 0x0000000084c00000|  0%| F|  |TAMS 0x0000000084b00000, 0x0000000084b00000| Untracked 
|  64|0x0000000084c00000, 0x0000000084c00000, 0x0000000084d00000|  0%| F|  |TAMS 0x0000000084c00000, 0x0000000084c00000| Untracked 
|  65|0x0000000084d00000, 0x0000000084d00000, 0x0000000084e00000|  0%| F|  |TAMS 0x0000000084d00000, 0x0000000084d00000| Untracked 
|  66|0x0000000084e00000, 0x0000000084e00000, 0x0000000084f00000|  0%| F|  |TAMS 0x0000000084e00000, 0x0000000084e00000| Untracked 
|  67|0x0000000084f00000, 0x0000000084f00000, 0x0000000085000000|  0%| F|  |TAMS 0x0000000084f00000, 0x0000000084f00000| Untracked 
|  68|0x0000000085000000, 0x0000000085000000, 0x0000000085100000|  0%| F|  |TAMS 0x0000000085000000, 0x0000000085000000| Untracked 
|  69|0x0000000085100000, 0x0000000085100000, 0x0000000085200000|  0%| F|  |TAMS 0x0000000085100000, 0x0000000085100000| Untracked 
|  70|0x0000000085200000, 0x0000000085200000, 0x0000000085300000|  0%| F|  |TAMS 0x0000000085200000, 0x0000000085200000| Untracked 
|  71|0x0000000085300000, 0x0000000085300000, 0x0000000085400000|  0%| F|  |TAMS 0x0000000085300000, 0x0000000085300000| Untracked 
|  72|0x0000000085400000, 0x0000000085400000, 0x0000000085500000|  0%| F|  |TAMS 0x0000000085400000, 0x0000000085400000| Untracked 
|  73|0x0000000085500000, 0x0000000085500000, 0x0000000085600000|  0%| F|  |TAMS 0x0000000085500000, 0x0000000085500000| Untracked 
|  74|0x0000000085600000, 0x0000000085600000, 0x0000000085700000|  0%| F|  |TAMS 0x0000000085600000, 0x0000000085600000| Untracked 
|  75|0x0000000085700000, 0x0000000085700000, 0x0000000085800000|  0%| F|  |TAMS 0x0000000085700000, 0x0000000085700000| Untracked 
|  76|0x0000000085800000, 0x0000000085800000, 0x0000000085900000|  0%| F|  |TAMS 0x0000000085800000, 0x0000000085800000| Untracked 
|  77|0x0000000085900000, 0x0000000085900000, 0x0000000085a00000|  0%| F|  |TAMS 0x0000000085900000, 0x0000000085900000| Untracked 
|  78|0x0000000085a00000, 0x0000000085a00000, 0x0000000085b00000|  0%| F|  |TAMS 0x0000000085a00000, 0x0000000085a00000| Untracked 
|  79|0x0000000085b00000, 0x0000000085b00000, 0x0000000085c00000|  0%| F|  |TAMS 0x0000000085b00000, 0x0000000085b00000| Untracked 
|  80|0x0000000085c00000, 0x0000000085c00000, 0x0000000085d00000|  0%| F|  |TAMS 0x0000000085c00000, 0x0000000085c00000| Untracked 
|  81|0x0000000085d00000, 0x0000000085d00000, 0x0000000085e00000|  0%| F|  |TAMS 0x0000000085d00000, 0x0000000085d00000| Untracked 
|  82|0x0000000085e00000, 0x0000000085e00000, 0x0000000085f00000|  0%| F|  |TAMS 0x0000000085e00000, 0x0000000085e00000| Untracked 
|  83|0x0000000085f00000, 0x0000000085f00000, 0x0000000086000000|  0%| F|  |TAMS 0x0000000085f00000, 0x0000000085f00000| Untracked 
|  84|0x0000000086000000, 0x0000000086000000, 0x0000000086100000|  0%| F|  |TAMS 0x0000000086000000, 0x0000000086000000| Untracked 
|  85|0x0000000086100000, 0x0000000086100000, 0x0000000086200000|  0%| F|  |TAMS 0x0000000086100000, 0x0000000086100000| Untracked 
|  86|0x0000000086200000, 0x0000000086200000, 0x0000000086300000|  0%| F|  |TAMS 0x0000000086200000, 0x0000000086200000| Untracked 
|  87|0x0000000086300000, 0x0000000086300000, 0x0000000086400000|  0%| F|  |TAMS 0x0000000086300000, 0x0000000086300000| Untracked 
|  88|0x0000000086400000, 0x0000000086400000, 0x0000000086500000|  0%| F|  |TAMS 0x0000000086400000, 0x0000000086400000| Untracked 
|  89|0x0000000086500000, 0x0000000086500000, 0x0000000086600000|  0%| F|  |TAMS 0x0000000086500000, 0x0000000086500000| Untracked 
|  90|0x0000000086600000, 0x0000000086600000, 0x0000000086700000|  0%| F|  |TAMS 0x0000000086600000, 0x0000000086600000| Untracked 
|  91|0x0000000086700000, 0x0000000086700000, 0x0000000086800000|  0%| F|  |TAMS 0x0000000086700000, 0x0000000086700000| Untracked 
|  92|0x0000000086800000, 0x0000000086800000, 0x0000000086900000|  0%| F|  |TAMS 0x0000000086800000, 0x0000000086800000| Untracked 
|  93|0x0000000086900000, 0x0000000086900000, 0x0000000086a00000|  0%| F|  |TAMS 0x0000000086900000, 0x0000000086900000| Untracked 
|  94|0x0000000086a00000, 0x0000000086a00000, 0x0000000086b00000|  0%| F|  |TAMS 0x0000000086a00000, 0x0000000086a00000| Untracked 
|  95|0x0000000086b00000, 0x0000000086b00000, 0x0000000086c00000|  0%| F|  |TAMS 0x0000000086b00000, 0x0000000086b00000| Untracked 
|  96|0x0000000086c00000, 0x0000000086c00000, 0x0000000086d00000|  0%| F|  |TAMS 0x0000000086c00000, 0x0000000086c00000| Untracked 
|  97|0x0000000086d00000, 0x0000000086d00000, 0x0000000086e00000|  0%| F|  |TAMS 0x0000000086d00000, 0x0000000086d00000| Untracked 
|  98|0x0000000086e00000, 0x0000000086e00000, 0x0000000086f00000|  0%| F|  |TAMS 0x0000000086e00000, 0x0000000086e00000| Untracked 
|  99|0x0000000086f00000, 0x0000000086f00000, 0x0000000087000000|  0%| F|  |TAMS 0x0000000086f00000, 0x0000000086f00000| Untracked 
| 100|0x0000000087000000, 0x0000000087000000, 0x0000000087100000|  0%| F|  |TAMS 0x0000000087000000, 0x0000000087000000| Untracked 
| 101|0x0000000087100000, 0x0000000087100000, 0x0000000087200000|  0%| F|  |TAMS 0x0000000087100000, 0x0000000087100000| Untracked 
| 102|0x0000000087200000, 0x0000000087200000, 0x0000000087300000|  0%| F|  |TAMS 0x0000000087200000, 0x0000000087200000| Untracked 
| 103|0x0000000087300000, 0x0000000087300000, 0x0000000087400000|  0%| F|  |TAMS 0x0000000087300000, 0x0000000087300000| Untracked 
| 104|0x0000000087400000, 0x0000000087400000, 0x0000000087500000|  0%| F|  |TAMS 0x0000000087400000, 0x0000000087400000| Untracked 
| 105|0x0000000087500000, 0x0000000087500000, 0x0000000087600000|  0%| F|  |TAMS 0x0000000087500000, 0x0000000087500000| Untracked 
| 106|0x0000000087600000, 0x0000000087600000, 0x0000000087700000|  0%| F|  |TAMS 0x0000000087600000, 0x0000000087600000| Untracked 
| 107|0x0000000087700000, 0x0000000087700000, 0x0000000087800000|  0%| F|  |TAMS 0x0000000087700000, 0x0000000087700000| Untracked 
| 108|0x0000000087800000, 0x0000000087800000, 0x0000000087900000|  0%| F|  |TAMS 0x0000000087800000, 0x0000000087800000| Untracked 
| 109|0x0000000087900000, 0x0000000087900000, 0x0000000087a00000|  0%| F|  |TAMS 0x0000000087900000, 0x0000000087900000| Untracked 
| 110|0x0000000087a00000, 0x0000000087a00000, 0x0000000087b00000|  0%| F|  |TAMS 0x0000000087a00000, 0x0000000087a00000| Untracked 
| 111|0x0000000087b00000, 0x0000000087b00000, 0x0000000087c00000|  0%| F|  |TAMS 0x0000000087b00000, 0x0000000087b00000| Untracked 
| 112|0x0000000087c00000, 0x0000000087c00000, 0x0000000087d00000|  0%| F|  |TAMS 0x0000000087c00000, 0x0000000087c00000| Untracked 
| 113|0x0000000087d00000, 0x0000000087d00000, 0x0000000087e00000|  0%| F|  |TAMS 0x0000000087d00000, 0x0000000087d00000| Untracked 
| 114|0x0000000087e00000, 0x0000000087e00000, 0x0000000087f00000|  0%| F|  |TAMS 0x0000000087e00000, 0x0000000087e00000| Untracked 
| 115|0x0000000087f00000, 0x0000000087f00000, 0x0000000088000000|  0%| F|  |TAMS 0x0000000087f00000, 0x0000000087f00000| Untracked 
| 116|0x0000000088000000, 0x0000000088076460, 0x0000000088100000| 46%| E|  |TAMS 0x0000000088000000, 0x0000000088000000| Complete 
| 117|0x0000000088100000, 0x0000000088200000, 0x0000000088200000|100%| E|CS|TAMS 0x0000000088100000, 0x0000000088100000| Complete 
| 118|0x0000000088200000, 0x0000000088300000, 0x0000000088300000|100%| E|CS|TAMS 0x0000000088200000, 0x0000000088200000| Complete 
| 119|0x0000000088300000, 0x0000000088400000, 0x0000000088400000|100%| E|CS|TAMS 0x0000000088300000, 0x0000000088300000| Complete 
| 120|0x0000000088400000, 0x0000000088500000, 0x0000000088500000|100%| E|CS|TAMS 0x0000000088400000, 0x0000000088400000| Complete 
| 121|0x0000000088500000, 0x0000000088600000, 0x0000000088600000|100%| E|CS|TAMS 0x0000000088500000, 0x0000000088500000| Complete 
| 122|0x0000000088600000, 0x0000000088700000, 0x0000000088700000|100%| E|CS|TAMS 0x0000000088600000, 0x0000000088600000| Complete 
| 123|0x0000000088700000, 0x0000000088800000, 0x0000000088800000|100%| E|CS|TAMS 0x0000000088700000, 0x0000000088700000| Complete 
| 124|0x0000000088800000, 0x0000000088900000, 0x0000000088900000|100%| E|CS|TAMS 0x0000000088800000, 0x0000000088800000| Complete 
| 125|0x0000000088900000, 0x0000000088a00000, 0x0000000088a00000|100%| E|CS|TAMS 0x0000000088900000, 0x0000000088900000| Complete 
| 126|0x0000000088a00000, 0x0000000088b00000, 0x0000000088b00000|100%| E|CS|TAMS 0x0000000088a00000, 0x0000000088a00000| Complete 
| 127|0x0000000088b00000, 0x0000000088c00000, 0x0000000088c00000|100%| E|CS|TAMS 0x0000000088b00000, 0x0000000088b00000| Complete 

Card table byte_map: [0x000001ec9f8f0000,0x000001ec9fcf0000] _byte_map_base: 0x000001ec9f4ea000

Marking Bits (Prev, Next): (CMBitMap*) 0x000001ec91fea2c0, (CMBitMap*) 0x000001ec91fea300
 Prev Bits: [0x000001eca00f0000, 0x000001eca20c0000)
 Next Bits: [0x000001eca20c0000, 0x000001eca4090000)

Polling page: 0x000001ec92050000

Metaspace:

Usage:
  Non-class:      3.62 MB used.
      Class:    484.05 KB used.
       Both:      4.10 MB used.

Virtual space:
  Non-class space:       64.00 MB reserved,       3.69 MB (  6%) committed,  1 nodes.
      Class space:        1.00 GB reserved,     512.00 KB ( <1%) committed,  1 nodes.
             Both:        1.06 GB reserved,       4.19 MB ( <1%) committed. 

Chunk freelists:
   Non-Class:  3.89 MB
       Class:  3.25 MB
        Both:  7.14 MB

MaxMetaspaceSize: unlimited
CompressedClassSpaceSize: 1.00 GB
Initial GC threshold: 21.00 MB
Current GC threshold: 21.00 MB
CDS: on
MetaspaceReclaimPolicy: balanced
 - commit_granule_bytes: 65536.
 - commit_granule_words: 8192.
 - virtual_space_node_default_size: 8388608.
 - enlarge_chunks_in_place: 1.
 - new_chunks_are_fully_committed: 0.
 - uncommit_free_chunks: 1.
 - use_allocation_guard: 0.


Internal statistics:

num_allocs_failed_limit: 0.
num_arena_births: 106.
num_arena_deaths: 0.
num_vsnodes_births: 2.
num_vsnodes_deaths: 0.
num_space_committed: 67.
num_space_uncommitted: 0.
num_chunks_returned_to_freelist: 0.
num_chunks_taken_from_freelist: 114.
num_chunk_merges: 0.
num_chunk_splits: 80.
num_chunks_enlarged: 51.
num_inconsistent_stats: 0.

CodeCache: size=49152Kb used=4135Kb max_used=4135Kb free=45016Kb
 bounds [0x000001ec9b6b0000, 0x000001ec9bac0000, 0x000001ec9e6b0000]
 total_blobs=1397 nmethods=954 adapters=366
 compilation: enabled
              stopped_count=0, restarted_count=0
 full_count=0

Compilation events (20 events):
Event: 0.294 Thread 0x000001eca7110990  944   !   1       java.nio.charset.Charset::defaultCharset (53 bytes)
Event: 0.294 Thread 0x000001ecab4dbbd0 nmethod 942 0x000001ec9bab6110 code [0x000001ec9bab62a0, 0x000001ec9bab6378]
Event: 0.294 Thread 0x000001ecab89a660  945       1       java.security.MessageDigest::update (14 bytes)
Event: 0.294 Thread 0x000001ecab4dbbd0  946       1       java.security.MessageDigest$Delegate::engineUpdate (11 bytes)
Event: 0.294 Thread 0x000001ecab4dbbd0 nmethod 946 0x000001ec9bab6410 code [0x000001ec9bab65c0, 0x000001ec9bab66a8]
Event: 0.294 Thread 0x000001ecab89a660 nmethod 945 0x000001ec9bab6710 code [0x000001ec9bab68c0, 0x000001ec9bab69c8]
Event: 0.294 Thread 0x000001ecab4dbbd0  947       1       java.lang.String::getBytes (15 bytes)
Event: 0.294 Thread 0x000001ecab89a660  948       1       java.lang.String::encode (48 bytes)
Event: 0.294 Thread 0x000001ecab4dbbd0 nmethod 947 0x000001ec9bab6a90 code [0x000001ec9bab6c40, 0x000001ec9bab6d58]
Event: 0.294 Thread 0x000001ecab4dbbd0  949       1       java.lang.String::encodeUTF8 (141 bytes)
Event: 0.294 Thread 0x000001eca7110990 nmethod 944 0x000001ec9bab6e10 code [0x000001ec9bab6fe0, 0x000001ec9bab7328]
Event: 0.294 Thread 0x000001ecab89a660 nmethod 948 0x000001ec9bab7490 code [0x000001ec9bab7660, 0x000001ec9bab7838]
Event: 0.294 Thread 0x000001eca7110990  950       1       java.lang.StringCoding::hasNegatives (16 bytes)
Event: 0.294 Thread 0x000001eca7110990 nmethod 950 0x000001ec9bab7910 code [0x000001ec9bab7aa0, 0x000001ec9bab7bb8]
Event: 0.294 Thread 0x000001ecab4e0160 nmethod 943 0x000001ec9bab7d10 code [0x000001ec9bab7f20, 0x000001ec9bab84c8]
Event: 0.295 Thread 0x000001ecab4dbbd0 nmethod 949 0x000001ec9bab8790 code [0x000001ec9bab8980, 0x000001ec9bab8f38]
Event: 0.295 Thread 0x000001ecab4e0160  953       1       jdk.internal.org.objectweb.asm.Type::<init> (26 bytes)
Event: 0.295 Thread 0x000001ecab4e0160 nmethod 953 0x000001ec9bab9790 code [0x000001ec9bab9920, 0x000001ec9bab9a38]
Event: 0.295 Thread 0x000001eca7110990  954       1       java.lang.invoke.MethodHandles$Lookup::checkSecurityManager (97 bytes)
Event: 0.296 Thread 0x000001eca7110990 nmethod 954 0x000001ec9bab9a90 code [0x000001ec9bab9c40, 0x000001ec9bab9e78]

GC Heap History (0 events):
No events

Dll operation events (12 events):
Event: 0.006 Loaded shared library C:\Program Files\Java\jdk-19\bin\java.dll
Event: 0.015 Loaded shared library C:\Program Files\Java\jdk-19\bin\jsvml.dll
Event: 0.083 Loaded shared library C:\Program Files\Java\jdk-19\bin\zip.dll
Event: 0.085 Loaded shared library C:\Program Files\Java\jdk-19\bin\instrument.dll
Event: 0.089 Loaded shared library C:\Program Files\Java\jdk-19\bin\net.dll
Event: 0.091 Loaded shared library C:\Program Files\Java\jdk-19\bin\nio.dll
Event: 0.093 Loaded shared library C:\Program Files\Java\jdk-19\bin\zip.dll
Event: 0.127 Loaded shared library D:\Intelij2\IntelliJ IDEA 2022.2.3\bin\breakgen64.dll
Event: 0.131 Loaded shared library C:\Program Files\Java\jdk-19\bin\jimage.dll
Event: 0.134 Loaded shared library C:\Program Files\Java\jdk-19\bin\extnet.dll
Event: 0.147 Loaded shared library C:\Program Files\Java\jdk-19\bin\management.dll
Event: 0.154 Loaded shared library C:\Program Files\Java\jdk-19\bin\management_ext.dll

Deoptimization events (4 events):
Event: 0.229 Thread 0x000001ec91f8a6f0 DEOPT PACKING pc=0x000001ec9b9d7255 sp=0x0000001f6b3fd240
Event: 0.229 Thread 0x000001ec91f8a6f0 DEOPT UNPACKING pc=0x000001ec9b717543 sp=0x0000001f6b3fc6f0 mode 3
Event: 0.233 Thread 0x000001ec91f8a6f0 DEOPT PACKING pc=0x000001ec9ba77b50 sp=0x0000001f6b3fd210
Event: 0.233 Thread 0x000001ec91f8a6f0 DEOPT UNPACKING pc=0x000001ec9b717543 sp=0x0000001f6b3fc6c8 mode 3

Classes loaded (20 events):
Event: 0.277 Loading class java/lang/constant/DirectMethodHandleDescImpl done
Event: 0.277 Loading class java/lang/constant/DirectMethodHandleDescImpl$1
Event: 0.277 Loading class java/lang/constant/DirectMethodHandleDescImpl$1 done
Event: 0.277 Loading class java/lang/constant/DirectMethodHandleDesc$1
Event: 0.277 Loading class java/lang/constant/DirectMethodHandleDesc$1 done
Event: 0.277 Loading class java/lang/constant/PrimitiveClassDescImpl
Event: 0.277 Loading class java/lang/constant/DynamicConstantDesc
Event: 0.277 Loading class java/lang/constant/DynamicConstantDesc done
Event: 0.277 Loading class java/lang/constant/PrimitiveClassDescImpl done
Event: 0.277 Loading class java/lang/constant/DynamicConstantDesc$AnonymousDynamicConstantDesc
Event: 0.278 Loading class java/lang/constant/DynamicConstantDesc$AnonymousDynamicConstantDesc done
Event: 0.285 Loading class java/net/NetworkInterface$1
Event: 0.286 Loading class java/net/NetworkInterface$1 done
Event: 0.292 Loading class java/nio/file/Files$AcceptAllFilter
Event: 0.292 Loading class java/nio/file/Files$AcceptAllFilter done
Event: 0.296 Loading class sun/security/provider/AbstractDrbg$NonceProvider
Event: 0.296 Loading class sun/security/provider/AbstractDrbg$NonceProvider done
Event: 0.296 Loading class sun/security/provider/SHA2$SHA256
Event: 0.296 Loading class sun/security/provider/SHA2
Event: 0.296 Loading class sun/security/provider/SHA2 done

Classes unloaded (0 events):
No events

Classes redefined (0 events):
No events

Internal exceptions (11 events):
Event: 0.121 Thread 0x000001ec91f8a6f0 Exception <a 'java/lang/NoSuchMethodError'{0x000000008876b960}: 'void java.lang.invoke.DirectMethodHandle$Holder.invokeStatic(java.lang.Object, java.lang.Object, java.lang.Object)'> (0x000000008876b960) 
thrown [s\open\src\hotspot\share\interpreter\linkResolver.cpp, line 774]
Event: 0.124 Thread 0x000001ec91f8a6f0 Exception <a 'java/lang/NoSuchMethodError'{0x0000000088783f58}: 'java.lang.Object java.lang.invoke.Invokers$Holder.invokeExact_MT(java.lang.Object, java.lang.Object, java.lang.Object, java.lang.Object, java.lang.Object)'> (0x0000000088783f58) 
thrown [s\open\src\hotspot\share\interpreter\linkResolver.cpp, line 774]
Event: 0.135 Thread 0x000001ecab753360 Exception <a 'java/lang/NoSuchMethodError'{0x000000008879abf8}: 'void java.lang.invoke.DirectMethodHandle$Holder.invokeStatic(java.lang.Object, java.lang.Object)'> (0x000000008879abf8) 
thrown [s\open\src\hotspot\share\interpreter\linkResolver.cpp, line 774]
Event: 0.145 Thread 0x000001ec91f8a6f0 Exception <a 'java/lang/NoSuchMethodError'{0x000000008861fc18}: 'java.lang.Object java.lang.invoke.DirectMethodHandle$Holder.invokeStaticInit(java.lang.Object)'> (0x000000008861fc18) 
thrown [s\open\src\hotspot\share\interpreter\linkResolver.cpp, line 774]
Event: 0.157 Thread 0x000001ec91f8a6f0 Exception <a 'java/lang/NoSuchMethodError'{0x0000000088635c28}: 'int java.lang.invoke.DirectMethodHandle$Holder.invokeInterface(java.lang.Object, java.lang.Object)'> (0x0000000088635c28) 
thrown [s\open\src\hotspot\share\interpreter\linkResolver.cpp, line 774]
Event: 0.157 Thread 0x000001ec91f8a6f0 Exception <a 'java/lang/IncompatibleClassChangeError'{0x0000000088639228}: Found class java.lang.Object, but interface was expected> (0x0000000088639228) 
thrown [s\open\src\hotspot\share\interpreter\linkResolver.cpp, line 841]
Event: 0.191 Thread 0x000001ec91f8a6f0 Exception <a 'java/lang/NoSuchMethodError'{0x000000008857d778}: 'int java.lang.invoke.DirectMethodHandle$Holder.invokeSpecial(java.lang.Object, java.lang.Object, java.lang.Object)'> (0x000000008857d778) 
thrown [s\open\src\hotspot\share\interpreter\linkResolver.cpp, line 774]
Event: 0.212 Thread 0x000001ec91f8a6f0 Exception <a 'java/lang/NoSuchMethodError'{0x0000000088428170}: 'java.lang.Object java.lang.invoke.DirectMethodHandle$Holder.invokeStaticInit(java.lang.Object, java.lang.Object, java.lang.Object)'> (0x0000000088428170) 
thrown [s\open\src\hotspot\share\interpreter\linkResolver.cpp, line 774]
Event: 0.254 Thread 0x000001ec91f8a6f0 Exception <a 'java/lang/NoSuchMethodError'{0x0000000088191130}: 'int java.lang.invoke.DirectMethodHandle$Holder.invokeSpecialIFC(java.lang.Object, java.lang.Object, java.lang.Object)'> (0x0000000088191130) 
thrown [s\open\src\hotspot\share\interpreter\linkResolver.cpp, line 774]
Event: 0.271 Thread 0x000001ec91f8a6f0 Exception <a 'java/lang/NoSuchMethodError'{0x0000000088006ea0}: 'java.lang.Object java.lang.invoke.DirectMethodHandle$Holder.invokeStaticInit(java.lang.Object, int, int, int, int)'> (0x0000000088006ea0) 
thrown [s\open\src\hotspot\share\interpreter\linkResolver.cpp, line 774]
Event: 0.295 Thread 0x000001ec91f8a6f0 Exception <a 'java/lang/NoSuchMethodError'{0x0000000088041d20}: 'java.lang.Object java.lang.invoke.DirectMethodHandle$Holder.invokeStaticInit(java.lang.Object, java.lang.Object, int, int, int, int)'> (0x0000000088041d20) 
thrown [s\open\src\hotspot\share\interpreter\linkResolver.cpp, line 774]

VM Operations (6 events):
Event: 0.075 Executing VM operation: HandshakeAllThreads
Event: 0.075 Executing VM operation: HandshakeAllThreads done
Event: 0.130 Executing VM operation: HandshakeAllThreads
Event: 0.130 Executing VM operation: HandshakeAllThreads done
Event: 0.262 Executing VM operation: HandshakeAllThreads
Event: 0.262 Executing VM operation: HandshakeAllThreads done

Events (15 events):
Event: 0.015 Thread 0x000001ec91f8a6f0 Thread added: 0x000001ec91f8a6f0
Event: 0.027 Thread 0x000001eca70f9050 Thread added: 0x000001eca70f9050
Event: 0.028 Thread 0x000001eca70fbe50 Thread added: 0x000001eca70fbe50
Event: 0.028 Thread 0x000001eca70ff730 Thread added: 0x000001eca70ff730
Event: 0.028 Thread 0x000001eca7102330 Thread added: 0x000001eca7102330
Event: 0.028 Thread 0x000001eca7103c70 Thread added: 0x000001eca7103c70
Event: 0.028 Thread 0x000001eca71056f0 Thread added: 0x000001eca71056f0
Event: 0.028 Thread 0x000001eca7110990 Thread added: 0x000001eca7110990
Event: 0.028 Thread 0x000001eca711af30 Thread added: 0x000001eca711af30
Event: 0.069 Thread 0x000001eca70cfba0 Thread added: 0x000001eca70cfba0
Event: 0.074 Thread 0x000001ecab4dbbd0 Thread added: 0x000001ecab4dbbd0
Event: 0.075 Thread 0x000001ecab4e0160 Thread added: 0x000001ecab4e0160
Event: 0.127 Thread 0x000001ecab753360 Thread added: 0x000001ecab753360
Event: 0.128 Thread 0x000001ecab7538a0 Thread added: 0x000001ecab7538a0
Event: 0.230 Thread 0x000001ecab89a660 Thread added: 0x000001ecab89a660


Dynamic libraries:
0x00007ff7a5ce0000 - 0x00007ff7a5cf0000 	C:\Program Files\Java\jdk-19\bin\java.exe
0x00007ff98b4f0000 - 0x00007ff98b6e8000 	C:\WINDOWS\SYSTEM32\ntdll.dll
0x00007ff95f2e0000 - 0x00007ff95f2f7000 	C:\Program Files\AVAST Software\Avast\aswhook.dll
0x00007ff98a070000 - 0x00007ff98a12d000 	C:\WINDOWS\System32\KERNEL32.DLL
0x00007ff988c00000 - 0x00007ff988ed2000 	C:\WINDOWS\System32\KERNELBASE.dll
0x00007ff9890a0000 - 0x00007ff9891a0000 	C:\WINDOWS\System32\ucrtbase.dll
0x00007ff9830e0000 - 0x00007ff9830f8000 	C:\Program Files\Java\jdk-19\bin\jli.dll
0x00007ff9830c0000 - 0x00007ff9830db000 	C:\Program Files\Java\jdk-19\bin\VCRUNTIME140.dll
0x00007ff989f80000 - 0x00007ff98a02e000 	C:\WINDOWS\System32\ADVAPI32.dll
0x00007ff98af80000 - 0x00007ff98b01e000 	C:\WINDOWS\System32\msvcrt.dll
0x00007ff98a550000 - 0x00007ff98a5ec000 	C:\WINDOWS\System32\sechost.dll
0x00007ff989e50000 - 0x00007ff989f75000 	C:\WINDOWS\System32\RPCRT4.dll
0x00007ff98a270000 - 0x00007ff98a40d000 	C:\WINDOWS\System32\USER32.dll
0x00007ff989520000 - 0x00007ff989542000 	C:\WINDOWS\System32\win32u.dll
0x00007ff98b410000 - 0x00007ff98b43b000 	C:\WINDOWS\System32\GDI32.dll
0x00007ff97cc20000 - 0x00007ff97ceba000 	C:\WINDOWS\WinSxS\amd64_microsoft.windows.common-controls_6595b64144ccf1df_6.0.19041.1110_none_60b5254171f9507e\COMCTL32.dll
0x00007ff9891a0000 - 0x00007ff9892af000 	C:\WINDOWS\System32\gdi32full.dll
0x00007ff9892b0000 - 0x00007ff98934d000 	C:\WINDOWS\System32\msvcp_win.dll
0x00007ff981240000 - 0x00007ff98124a000 	C:\WINDOWS\SYSTEM32\VERSION.dll
0x00007ff98a030000 - 0x00007ff98a060000 	C:\WINDOWS\System32\IMM32.DLL
0x00007ff981bf0000 - 0x00007ff981bfc000 	C:\Program Files\Java\jdk-19\bin\vcruntime140_1.dll
0x00007ff960e30000 - 0x00007ff960ebe000 	C:\Program Files\Java\jdk-19\bin\msvcp140.dll
0x00007ff9143d0000 - 0x00007ff915090000 	C:\Program Files\Java\jdk-19\bin\server\jvm.dll
0x00007ff97b7c0000 - 0x00007ff97b7e7000 	C:\WINDOWS\SYSTEM32\WINMM.dll
0x00007ff97b890000 - 0x00007ff97b899000 	C:\WINDOWS\SYSTEM32\WSOCK32.dll
0x00007ff98b440000 - 0x00007ff98b4ab000 	C:\WINDOWS\System32\WS2_32.dll
0x00007ff986ae0000 - 0x00007ff986af2000 	C:\WINDOWS\SYSTEM32\kernel.appcore.dll
0x00007ff9800e0000 - 0x00007ff9800ea000 	C:\Program Files\Java\jdk-19\bin\jimage.dll
0x00007ff97fef0000 - 0x00007ff9800d4000 	C:\WINDOWS\SYSTEM32\DBGHELP.DLL
0x00007ff97fd50000 - 0x00007ff97fd7c000 	C:\WINDOWS\SYSTEM32\dbgcore.DLL
0x00007ff988f30000 - 0x00007ff988fb2000 	C:\WINDOWS\System32\bcryptPrimitives.dll
0x00007ff9863e0000 - 0x00007ff9863ee000 	C:\Program Files\Java\jdk-19\bin\instrument.dll
0x00007ff97aa00000 - 0x00007ff97aa26000 	C:\Program Files\Java\jdk-19\bin\java.dll
0x00007ff953270000 - 0x00007ff953347000 	C:\Program Files\Java\jdk-19\bin\jsvml.dll
0x00007ff989700000 - 0x00007ff989e43000 	C:\WINDOWS\System32\SHELL32.dll
0x00007ff986ce0000 - 0x00007ff987471000 	C:\WINDOWS\SYSTEM32\windows.storage.dll
0x00007ff98ab90000 - 0x00007ff98aee4000 	C:\WINDOWS\System32\combase.dll
0x00007ff988660000 - 0x00007ff988690000 	C:\WINDOWS\SYSTEM32\Wldp.dll
0x00007ff98aa80000 - 0x00007ff98ab2d000 	C:\WINDOWS\System32\SHCORE.dll
0x00007ff98a4f0000 - 0x00007ff98a545000 	C:\WINDOWS\System32\shlwapi.dll
0x00007ff988b40000 - 0x00007ff988b5f000 	C:\WINDOWS\SYSTEM32\profapi.dll
0x00007ff975560000 - 0x00007ff975578000 	C:\Program Files\Java\jdk-19\bin\zip.dll
0x00007ff97bfa0000 - 0x00007ff97bfb3000 	C:\Program Files\Java\jdk-19\bin\net.dll
0x00007ff97bdc0000 - 0x00007ff97becd000 	C:\WINDOWS\SYSTEM32\WINHTTP.dll
0x00007ff9883c0000 - 0x00007ff98842a000 	C:\WINDOWS\system32\mswsock.dll
0x00007ff97ac10000 - 0x00007ff97ac26000 	C:\Program Files\Java\jdk-19\bin\nio.dll
0x00007ff984260000 - 0x00007ff98427a000 	D:\Intelij2\IntelliJ IDEA 2022.2.3\bin\breakgen64.dll
0x00007ff97e710000 - 0x00007ff97e718000 	C:\Program Files\Java\jdk-19\bin\extnet.dll
0x00007ff9880b0000 - 0x00007ff98817a000 	C:\WINDOWS\SYSTEM32\DNSAPI.dll
0x00007ff988060000 - 0x00007ff98809b000 	C:\WINDOWS\SYSTEM32\IPHLPAPI.DLL
0x00007ff98a060000 - 0x00007ff98a068000 	C:\WINDOWS\System32\NSI.dll
0x00007ff97bd10000 - 0x00007ff97bd1a000 	C:\Windows\System32\rasadhlp.dll
0x00007ff97bc30000 - 0x00007ff97bcb0000 	C:\WINDOWS\System32\fwpuclnt.dll
0x00007ff988fc0000 - 0x00007ff988fe7000 	C:\WINDOWS\System32\bcrypt.dll
0x00007ff9863d0000 - 0x00007ff9863da000 	C:\Program Files\Java\jdk-19\bin\management.dll
0x00007ff984250000 - 0x00007ff98425b000 	C:\Program Files\Java\jdk-19\bin\management_ext.dll
0x00007ff98a260000 - 0x00007ff98a268000 	C:\WINDOWS\System32\PSAPI.DLL
0x00007ff9885b0000 - 0x00007ff9885c8000 	C:\WINDOWS\SYSTEM32\CRYPTSP.dll
0x00007ff987c70000 - 0x00007ff987ca4000 	C:\WINDOWS\system32\rsaenh.dll
0x00007ff988ac0000 - 0x00007ff988aee000 	C:\WINDOWS\SYSTEM32\USERENV.dll
0x00007ff9885d0000 - 0x00007ff9885dc000 	C:\WINDOWS\SYSTEM32\CRYPTBASE.dll
0x00007ff980770000 - 0x00007ff980787000 	C:\WINDOWS\SYSTEM32\dhcpcsvc6.DLL
0x00007ff9805e0000 - 0x00007ff9805fd000 	C:\WINDOWS\SYSTEM32\dhcpcsvc.DLL

dbghelp: loaded successfully - version: 4.0.5 - missing functions: none
symbol engine: initialized successfully - sym options: 0x614 - pdb path: .;C:\Program Files\Java\jdk-19\bin;C:\WINDOWS\SYSTEM32;C:\Program Files\AVAST Software\Avast;C:\WINDOWS\WinSxS\amd64_microsoft.windows.common-controls_6595b64144ccf1df_6.0.19041.1110_none_60b5254171f9507e;C:\Program Files\Java\jdk-19\bin\server;D:\Intelij2\IntelliJ IDEA 2022.2.3\bin

VM Arguments:
jvm_args: -XX:TieredStopAtLevel=1 -Dspring.output.ansi.enabled=always -Dcom.sun.management.jmxremote -Dspring.jmx.enabled=true -Dspring.liveBeansView.mbeanDomain -Dspring.application.admin.enabled=true -javaagent:D:\Intelij2\IntelliJ IDEA 2022.2.3\lib\idea_rt.jar=64144:D:\Intelij2\IntelliJ IDEA 2022.2.3\bin -Dfile.encoding=UTF-8 -Dsun.stdout.encoding=UTF-8 -Dsun.stderr.encoding=UTF-8 
java_command: mk.finki.ukim.mk.lab.LabApplication
java_class_path (initial): D:\WebProg\lab\target\classes;C:\Users\USER\.m2\repository\org\springframework\boot\spring-boot-starter-thymeleaf\2.7.5\spring-boot-starter-thymeleaf-2.7.5.jar;C:\Users\USER\.m2\repository\org\springframework\boot\spring-boot-starter\2.7.5\spring-boot-starter-2.7.5.jar;C:\Users\USER\.m2\repository\org\springframework\boot\spring-boot\2.7.5\spring-boot-2.7.5.jar;C:\Users\USER\.m2\repository\org\springframework\boot\spring-boot-autoconfigure\2.7.5\spring-boot-autoconfigure-2.7.5.jar;C:\Users\USER\.m2\repository\org\springframework\boot\spring-boot-starter-logging\2.7.5\spring-boot-starter-logging-2.7.5.jar;C:\Users\USER\.m2\repository\ch\qos\logback\logback-classic\1.2.11\logback-classic-1.2.11.jar;C:\Users\USER\.m2\repository\ch\qos\logback\logback-core\1.2.11\logback-core-1.2.11.jar;C:\Users\USER\.m2\repository\org\apache\logging\log4j\log4j-to-slf4j\2.17.2\log4j-to-slf4j-2.17.2.jar;C:\Users\USER\.m2\repository\org\apache\logging\log4j\log4j-api\2.17.2\log4j-api-2.17.2.jar;C:\Users\USER\.m2\repository\org\slf4j\jul-to-slf4j\1.7.36\jul-to-slf4j-1.7.36.jar;C:\Users\USER\.m2\repository\jakarta\annotation\jakarta.annotation-api\1.3.5\jakarta.annotation-api-1.3.5.jar;C:\Users\USER\.m2\repository\org\yaml\snakeyaml\1.30\snakeyaml-1.30.jar;C:\Users\USER\.m2\repository\org\thymeleaf\thymeleaf-spring5\3.0.15.RELEASE\thymeleaf-spring5-3.0.15.RELEASE.jar;C:\Users\USER\.m2\repository\org\thymeleaf\thymeleaf\3.0.15.RELEASE\thymeleaf-3.0.15.RELEASE.jar;C:\Users\USER\.m2\repository\org\attoparser\attoparser\2.0.5.RELEASE\attoparser-2.0.5.RELEASE.jar;C:\Users\USER\.m2\repository\org\unbescape\unbescape\1.1.6.RELEASE\unbescape-1.1.6.RELEASE.jar;C:\Users\USER\.m2\repository\org\slf4j\slf4j-api\1.7.36\slf4j-api-1.7.36.jar;C:\Users\USER\.m2\repository\org\thymeleaf\extras\thymeleaf-extras-java8time\3.0.4.RELEASE\thymeleaf-extras-java8time-3.0.4.RELEASE.jar;C:\Users\USER\.m2\repository\org\springframework\boot\spring-boot-starter-web\2.7.5\spring-boot-starter-web-2.7.5.jar;C:\Users\USER\.m2\repository\org\springframework\boot\spring-boot-starter-json\2.7.5\spring-boot-starter-json-2.7.5.jar;C:\Users\USER\.m2\repository\com\fasterxml\jackson\core\jackson-databind\2.13.4.2\jackson-databind-2.13.4.2.jar;C:\Users\USER\.m2\repository\com\fasterxml\jackson\core\jackson-annotations\2.13.4\jackson-annotations-2.13.4.jar;C:\Users\USER\.m2\repository\com\fasterxml\jackson\core\jackson-core\2.13.4\jackson-core-2.13.4.jar;C:\Users\USER\.m2\repository\com\fasterxml\jackson\datatype\jackson-datatype-jdk8\2.13.4\jackson-datatype-jdk8-2.13.4.jar;C:\Users\USER\.m2\repository\com\fasterxml\jackson\datatype\jackson-datatype-jsr310\2.13.4\jackson-datatype-jsr310-2.13.4.jar;C:\Users\USER\.m2\repository\com\fasterxml\jackson\module\jackson-module-parameter-names\2.13.4\jackson-module-parameter-names-2.13.4.jar;C:\Users\USER\.m2\repository\org\springframework\boot\spring-boot-starter-tomcat\2.7.5\spring-boot-starter-tomcat-2.7.5.jar;C:\Users\USER\.m2\repository\org\apache\tomcat\embed\tomcat-embed-core\9.0.68\tomcat-embed-core-9.0.68.jar;C:\Users\USER\.m2\repository\org\apache\tomcat\embed\tomcat-embed-el\9.0.68\tomcat-embed-el-9.0.68.jar;C:\Users\USER\.m2\repository\org\apache\tomcat\embed\tomcat-embed-websocket\9.0.68\tomcat-embed-websocket-9.0.68.jar;C:\Users\USER\.m2\repository\org\springframework\spring-web\5.3.23\spring-web-5.3.23.jar;C:\Users\USER\.m2\repository\org\springframework\spring-beans\5.3.23\spring-beans-5.3.23.jar;C:\Users\USER\.m2\repository\org\springframework\spring-webmvc\5.3.23\spring-webmvc-5.3.23.jar;C:\Users\USER\.m2\repository\org\springframework\spring-aop\5.3.23\spring-aop-5.3.23.jar;C:\Users\USER\.m2\repository\org\springframework\spring-context\5.3.23\spring-context-5.3.23.jar;C:\Users\USER\.m2\repository\org\springframework\spring-expression\5.3.23\spring-expression-5.3.23.jar;C:\Users\USER\.m2\repository\org\projectlombok\lombok\1.18.24\lombok-1.18.24.jar;C:\Users\USER\.m2\repository\org\springframework\spring-core\5.3.23\spring-core-5.3.23.jar;C:\Users\USER\.m2\repository\org\springframework\spring-jcl\5.3.23\spring-jcl-5.3.23.jar
Launcher Type: SUN_STANDARD

[Global flags]
     intx CICompilerCount                          = 12                                        {product} {ergonomic}
     uint ConcGCThreads                            = 3                                         {product} {ergonomic}
     uint G1ConcRefinementThreads                  = 13                                        {product} {ergonomic}
   size_t G1HeapRegionSize                         = 1048576                                   {product} {ergonomic}
    uintx GCDrainStackTargetSize                   = 64                                        {product} {ergonomic}
   size_t InitialHeapSize                          = 134217728                                 {product} {ergonomic}
     bool ManagementServer                         = true                                      {product} {command line}
   size_t MarkStackSize                            = 4194304                                   {product} {ergonomic}
   size_t MaxHeapSize                              = 2134900736                                {product} {ergonomic}
   size_t MaxNewSize                               = 1280311296                                {product} {ergonomic}
   size_t MinHeapDeltaBytes                        = 1048576                                   {product} {ergonomic}
   size_t MinHeapSize                              = 8388608                                   {product} {ergonomic}
    uintx NonProfiledCodeHeapSize                  = 0                                      {pd product} {ergonomic}
     bool ProfileInterpreter                       = false                                  {pd product} {command line}
    uintx ProfiledCodeHeapSize                     = 0                                      {pd product} {ergonomic}
   size_t SoftMaxHeapSize                          = 2134900736                             {manageable} {ergonomic}
     intx TieredStopAtLevel                        = 1                                         {product} {command line}
     bool UseCompressedClassPointers               = true                           {product lp64_product} {ergonomic}
     bool UseCompressedOops                        = true                           {product lp64_product} {ergonomic}
     bool UseG1GC                                  = true                                      {product} {ergonomic}
     bool UseLargePagesIndividualAllocation        = false                                  {pd product} {ergonomic}

Logging:
Log output configuration:
 #0: stdout all=warning uptime,level,tags foldmultilines=false
 #1: stderr all=off uptime,level,tags foldmultilines=false

Environment Variables:
JAVA_HOME=C:\Program Files\Java\jdk-19
PATH=C:\Python310\Scripts\;C:\Python310\;C:\Python39\Scripts\;C:\Python39\;C:\ProgramData\Oracle\Java\javapath;C:\Program Files\Common Files\Oracle\Java\javapath;C:\Program Files (x86)\Common Files\Oracle\Java\javapath;C:\WINDOWS\system32;C:\WINDOWS;C:\WINDOWS\System32\Wbem;C:\WINDOWS\System32\WindowsPowerShell\v1.0\;C:\WINDOWS\System32\OpenSSH\;C:\ProgramData\chocolatey\bin;C:\Program Files\nodejs\;C:\Program Files\Microsoft SQL Server\150\Tools\Binn\;C:\Program Files\dotnet\;C:\Program Files\Microsoft SQL Server\130\Tools\Binn\;C:\Program Files (x86)\Microsoft SQL Server\150\DTS\Binn\;C:\Program Files\Azure Data Studio\bin;D:\Git\Git\cmd;C:\Program Files\Microsoft SQL Server\Client SDK\ODBC\170\Tools\Binn\;C:\Program Files (x86)\dotnet\;C:\Program Files\Maven\apache-maven-3.8.6\bin;C:\Program Files (x86)\Microsoft SQL Server\150\Tools\Binn\;C:\Program Files\Microsoft SQL Server\150\DTS\Binn\;C:\Program Files\MySQL\MySQL Shell 8.0\bin\;"C:\Users\USER\AppData\Local\Microsoft\WindowsApps;C:\MinGW\bin\;";"C:\Users\USER\AppData\Local\Programs\Microsoft VS Code\bin;";C:\Users\USER\AppData\Local\Programs\Microsoft VS Code\bin;C:\Users\USER\AppData\Local\Microsoft\WindowsApps;C:\Program Files\JetBrains\WebStorm 2020.2.2\bin;;C:\Users\USER\AppData\Roaming\npm;C:\Users\USER\.dotnet\tools;C:\Program Files\Azure Data Studio\bin
USERNAME=USER
OS=Windows_NT
PROCESSOR_IDENTIFIER=AMD64 Family 23 Model 8 Stepping 2, AuthenticAMD
TMP=C:\Users\USER\AppData\Local\Temp
TEMP=C:\Users\USER\AppData\Local\Temp



---------------  S Y S T E M  ---------------

OS:
 Windows 10 , 64 bit Build 19041 (10.0.19041.1889)
OS uptime: 6 days 6:51 hours

CPU: total 16 (initial active 16) (16 cores per cpu, 2 threads per core) family 23 model 8 stepping 2 microcode 0x0, cx8, cmov, fxsr, ht, mmx, 3dnowpref, sse, sse2, sse3, ssse3, sse4a, sse4.1, sse4.2, popcnt, lzcnt, tsc, tscinvbit, avx, avx2, aes, clmul, bmi1, bmi2, adx, sha, fma, vzeroupper, clflush, clflushopt, rdtscp

Memory: 4k page, system-wide physical 8140M (1100M free)
TotalPageFile size 12164M (AvailPageFile size 2M)
current process WorkingSet (physical memory assigned to process): 50M, peak: 50M
current process commit charge ("private bytes"): 225M, peak: 225M

vm_info: Java HotSpot(TM) 64-Bit Server VM (19+36-2238) for windows-amd64 JRE (19+36-2238), built on 2022-08-12T20:29:01Z by "mach5one" with MS VC++ 17.1 (VS2022)

END.
