#
# There is insufficient memory for the Java Runtime Environment to continue.
# Native memory allocation (malloc) failed to allocate 32744 bytes for Chunk::new
# Possible reasons:
#   The system is out of physical RAM or swap space
#   The process is running with CompressedOops enabled, and the Java Heap may be blocking the growth of the native heap
# Possible solutions:
#   Reduce memory load on the system
#   Increase physical memory or swap space
#   Check if swap backing store is full
#   Decrease Java heap size (-Xmx/-Xms)
#   Decrease number of Java threads
#   Decrease Java thread stack sizes (-Xss)
#   Set larger code cache with -XX:ReservedCodeCacheSize=
#   JVM is running with Unscaled Compressed Oops mode in which the Java heap is
#     placed in the first 4GB address space. The Java Heap base address is the
#     maximum limit for the native heap growth. Please use -XX:HeapBaseMinAddress
#     to set the Java Heap base and to place the Java Heap above 4GB virtual address.
# This output file may be truncated or incomplete.
#
#  Out of Memory Error (arena.cpp:184), pid=10368, tid=1400
#
# JRE version: Java(TM) SE Runtime Environment (19.0+36) (build 19+36-2238)
# Java VM: Java HotSpot(TM) 64-Bit Server VM (19+36-2238, mixed mode, sharing, tiered, compressed oops, compressed class ptrs, g1 gc, windows-amd64)
# No core dump will be written. Minidumps are not enabled by default on client versions of Windows
#

---------------  S U M M A R Y ------------

Command Line: -ea -Didea.test.cyclic.buffer.size=1048576 -javaagent:D:\Intelij2\IntelliJ IDEA 2022.2.3\lib\idea_rt.jar=58795:D:\Intelij2\IntelliJ IDEA 2022.2.3\bin -Dfile.encoding=UTF-8 -Dsun.stdout.encoding=UTF-8 -Dsun.stderr.encoding=UTF-8 com.intellij.rt.junit.JUnitStarter -ideVersion5 -junit5 mk.finki.ukim.mk.lab.LabApplicationTests,getHomePage

Host: AMD Ryzen 7 2700X Eight-Core Processor         , 16 cores, 7G,  Windows 10 , 64 bit Build 19041 (10.0.19041.2364)
Time: Mon Dec 19 00:16:35 2022 Central European Standard Time elapsed time: 5.449477 seconds (0d 0h 0m 5s)

---------------  T H R E A D  ---------------

Current thread (0x000001f511732190):  JavaThread "C2 CompilerThread0" daemon [_thread_in_native, id=1400, stack(0x000000bf0c600000,0x000000bf0c700000)]


Current CompileTask:
C2:   5449 6595   !   4       org.springframework.beans.factory.support.DefaultListableBeanFactory::doGetBeanNamesForType (528 bytes)

Stack: [0x000000bf0c600000,0x000000bf0c700000]
Native frames: (J=compiled Java code, j=interpreted, Vv=VM code, C=native code)
V  [jvm.dll+0x6ee8fa]
V  [jvm.dll+0x857a1e]
V  [jvm.dll+0x85940e]
V  [jvm.dll+0x859ac3]
V  [jvm.dll+0x28291f]
V  [jvm.dll+0xc9b5f]
V  [jvm.dll+0xc9ee5]
V  [jvm.dll+0x6800c4]
V  [jvm.dll+0x68113c]
V  [jvm.dll+0x67f594]
V  [jvm.dll+0x24c14e]
V  [jvm.dll+0x24b671]
V  [jvm.dll+0x1d6d61]
V  [jvm.dll+0x25b0fa]
V  [jvm.dll+0x259588]
V  [jvm.dll+0x807928]
V  [jvm.dll+0x8015fa]
V  [jvm.dll+0x6ed5eb]
C  [ucrtbase.dll+0x21bb2]
C  [KERNEL32.DLL+0x17614]
C  [ntdll.dll+0x526a1]


---------------  P R O C E S S  ---------------

Threads class SMR info:
_java_thread_list=0x000001f517315fc0, length=24, elements={
0x000001f570a8f1a0, 0x000001f511724200, 0x000001f511724ff0, 0x000001f51172b210,
0x000001f51172cdd0, 0x000001f51172d700, 0x000001f51172e030, 0x000001f511732190,
0x000001f51173d130, 0x000001f516008070, 0x000001f516101a80, 0x000001f516108740,
0x000001f516215790, 0x000001f5161f32e0, 0x000001f516315f50, 0x000001f51675f090,
0x000001f516f5ed60, 0x000001f516fdafe0, 0x000001f518677130, 0x000001f517b84e50,
0x000001f517092be0, 0x000001f51bd0d580, 0x000001f51aac0860, 0x000001f5168829d0
}

Java Threads: ( => current thread )
  0x000001f570a8f1a0 JavaThread "main" [_thread_in_vm, id=2160, stack(0x000000bf0b900000,0x000000bf0ba00000)]
  0x000001f511724200 JavaThread "Reference Handler" daemon [_thread_blocked, id=11280, stack(0x000000bf0c000000,0x000000bf0c100000)]
  0x000001f511724ff0 JavaThread "Finalizer" daemon [_thread_blocked, id=11708, stack(0x000000bf0c100000,0x000000bf0c200000)]
  0x000001f51172b210 JavaThread "Signal Dispatcher" daemon [_thread_blocked, id=11760, stack(0x000000bf0c200000,0x000000bf0c300000)]
  0x000001f51172cdd0 JavaThread "Attach Listener" daemon [_thread_blocked, id=10992, stack(0x000000bf0c300000,0x000000bf0c400000)]
  0x000001f51172d700 JavaThread "Service Thread" daemon [_thread_blocked, id=15832, stack(0x000000bf0c400000,0x000000bf0c500000)]
  0x000001f51172e030 JavaThread "Monitor Deflation Thread" daemon [_thread_blocked, id=3528, stack(0x000000bf0c500000,0x000000bf0c600000)]
=>0x000001f511732190 JavaThread "C2 CompilerThread0" daemon [_thread_in_native, id=1400, stack(0x000000bf0c600000,0x000000bf0c700000)]
  0x000001f51173d130 JavaThread "C1 CompilerThread0" daemon [_thread_in_native, id=15624, stack(0x000000bf0c700000,0x000000bf0c800000)]
  0x000001f516008070 JavaThread "Sweeper thread" daemon [_thread_blocked, id=4380, stack(0x000000bf0c800000,0x000000bf0c900000)]
  0x000001f516101a80 JavaThread "Common-Cleaner" daemon [_thread_blocked, id=14204, stack(0x000000bf0c900000,0x000000bf0ca00000)]
  0x000001f516108740 JavaThread "C1 CompilerThread1" daemon [_thread_blocked, id=12644, stack(0x000000bf0ca00000,0x000000bf0cb00000)]
  0x000001f516215790 JavaThread "Monitor Ctrl-Break" daemon [_thread_in_native, id=7128, stack(0x000000bf0cb00000,0x000000bf0cc00000)]
  0x000001f5161f32e0 JavaThread "Notification Thread" daemon [_thread_blocked, id=3568, stack(0x000000bf0cc00000,0x000000bf0cd00000)]
  0x000001f516315f50 JavaThread "C2 CompilerThread1" daemon [_thread_in_native, id=13940, stack(0x000000bf0ce00000,0x000000bf0cf00000)]
  0x000001f51675f090 JavaThread "C1 CompilerThread2" daemon [_thread_blocked, id=13316, stack(0x000000bf0d500000,0x000000bf0d600000)]
  0x000001f516f5ed60 JavaThread "C1 CompilerThread3" daemon [_thread_in_vm, id=13116, stack(0x000000bf0d600000,0x000000bf0d700000)]
  0x000001f516fdafe0 JavaThread "C2 CompilerThread2" daemon [_thread_in_vm, id=10704, stack(0x000000bf0d700000,0x000000bf0d800000)]
  0x000001f518677130 JavaThread "C2 CompilerThread3" daemon [_thread_in_native, id=10460, stack(0x000000bf0e000000,0x000000bf0e100000)]
  0x000001f517b84e50 JavaThread "HikariPool-1 housekeeper" daemon [_thread_blocked, id=5504, stack(0x000000bf0e200000,0x000000bf0e300000)]
  0x000001f517092be0 JavaThread "HikariPool-1 connection adder" daemon [_thread_blocked, id=8684, stack(0x000000bf0e300000,0x000000bf0e400000)]
  0x000001f51bd0d580 JavaThread "Catalina-utility-1" [_thread_blocked, id=13036, stack(0x000000bf0e400000,0x000000bf0e500000)]
  0x000001f51aac0860 JavaThread "Catalina-utility-2" [_thread_blocked, id=15604, stack(0x000000bf0e500000,0x000000bf0e600000)]
  0x000001f5168829d0 JavaThread "container-0" [_thread_blocked, id=10132, stack(0x000000bf0e600000,0x000000bf0e700000)]

Other Threads:
  0x000001f511707170 VMThread "VM Thread" [stack: 0x000000bf0bf00000,0x000000bf0c000000] [id=14952]
  0x000001f5162129c0 WatcherThread "VM Periodic Task Thread" [stack: 0x000000bf0cd00000,0x000000bf0ce00000] [id=13096]
  0x000001f570af0cb0 WorkerThread "GC Thread#0" [stack: 0x000000bf0ba00000,0x000000bf0bb00000] [id=10576]
  0x000001f5163e8540 WorkerThread "GC Thread#1" [stack: 0x000000bf0cf00000,0x000000bf0d000000] [id=1084]
  0x000001f5163e8810 WorkerThread "GC Thread#2" [stack: 0x000000bf0d000000,0x000000bf0d100000] [id=10640]
  0x000001f5163e8ae0 WorkerThread "GC Thread#3" [stack: 0x000000bf0d100000,0x000000bf0d200000] [id=14424]
  0x000001f5163e7190 WorkerThread "GC Thread#4" [stack: 0x000000bf0d200000,0x000000bf0d300000] [id=9156]
  0x000001f5163e7460 WorkerThread "GC Thread#5" [stack: 0x000000bf0d300000,0x000000bf0d400000] [id=6924]
  0x000001f5163e7730 WorkerThread "GC Thread#6" [stack: 0x000000bf0d400000,0x000000bf0d500000] [id=12864]
  0x000001f516f119e0 WorkerThread "GC Thread#7" [stack: 0x000000bf0d900000,0x000000bf0da00000] [id=2896]
  0x000001f516f10090 WorkerThread "GC Thread#8" [stack: 0x000000bf0da00000,0x000000bf0db00000] [id=11316]
  0x000001f516f13600 WorkerThread "GC Thread#9" [stack: 0x000000bf0db00000,0x000000bf0dc00000] [id=10276]
  0x000001f516f11710 WorkerThread "GC Thread#10" [stack: 0x000000bf0dc00000,0x000000bf0dd00000] [id=2432]
  0x000001f516f10360 WorkerThread "GC Thread#11" [stack: 0x000000bf0dd00000,0x000000bf0de00000] [id=8212]
  0x000001f516f12520 WorkerThread "GC Thread#12" [stack: 0x000000bf0d800000,0x000000bf0d900000] [id=848]
  0x000001f570b02b50 ConcurrentGCThread "G1 Main Marker" [stack: 0x000000bf0bb00000,0x000000bf0bc00000] [id=7400]
  0x000001f570b04c40 WorkerThread "G1 Conc#0" [stack: 0x000000bf0bc00000,0x000000bf0bd00000] [id=8104]
  0x000001f516f127f0 WorkerThread "G1 Conc#1" [stack: 0x000000bf0de00000,0x000000bf0df00000] [id=1472]
  0x000001f516f12250 WorkerThread "G1 Conc#2" [stack: 0x000000bf0df00000,0x000000bf0e000000] [id=1500]
  0x000001f5115be820 ConcurrentGCThread "G1 Refine#0" [stack: 0x000000bf0bd00000,0x000000bf0be00000] [id=14768]
  0x000001f5115bf270 ConcurrentGCThread "G1 Service" [stack: 0x000000bf0be00000,0x000000bf0bf00000] [id=11976]

Threads with active compile tasks:
C2 CompilerThread0     5478 6595   !   4       org.springframework.beans.factory.support.DefaultListableBeanFactory::doGetBeanNamesForType (528 bytes)
C1 CompilerThread0     5478 6653       3       org.springframework.beans.propertyeditors.ReaderEditor::<init> (16 bytes)
C2 CompilerThread1     5478 6553       4       org.springframework.transaction.annotation.AnnotationTransactionAttributeSource::determineTransactionAttribute (51 bytes)
C1 CompilerThread3     5478 6648       3       org.springframework.beans.support.ResourceEditorRegistrar::registerCustomEditors (221 bytes)
C2 CompilerThread2     5478 6602       4       org.springframework.core.ResolvableType::forType (115 bytes)
C2 CompilerThread3     5478 6541       4       org.springframework.transaction.interceptor.AbstractFallbackTransactionAttributeSource::getTransactionAttribute (186 bytes)

VM state: not at safepoint (normal execution)

VM Mutex/Monitor currently owned by a thread: None

Heap address: 0x0000000080c00000, size: 2036 MB, Compressed Oops mode: 32-bit

CDS archive(s) mapped at: [0x0000000800000000-0x0000000800c40000-0x0000000800c40000), size 12845056, SharedBaseAddress: 0x0000000800000000, ArchiveRelocationMode: 0.
Compressed class space mapped at: 0x0000000801000000-0x0000000841000000, reserved size: 1073741824
Narrow klass base: 0x0000000800000000, Narrow klass shift: 0, Narrow klass range: 0x100000000

GC Precious Log:
 CardTable entry size: 512
 Card Set container configuration: InlinePtr #cards 5 size 8 Array Of Cards #cards 12 size 40 Howl #buckets 4 coarsen threshold 1843 Howl Bitmap #cards 512 size 80 coarsen threshold 460 Card regions per heap region 1 cards per card region 2048
 CPUs: 16 total, 16 available
 Memory: 8140M
 Large Page Support: Disabled
 NUMA Support: Disabled
 Compressed Oops: Enabled (32-bit)
 Heap Region Size: 1M
 Heap Min Capacity: 8M
 Heap Initial Capacity: 128M
 Heap Max Capacity: 2036M
 Pre-touch: Disabled
 Parallel Workers: 13
 Concurrent Workers: 3
 Concurrent Refinement Workers: 13
 Periodic GC: Disabled

Heap:
 garbage-first heap   total 124928K, used 45454K [0x0000000080c00000, 0x0000000100000000)
  region size 1024K, 22 young (22528K), 6 survivors (6144K)
 Metaspace       used 58141K, committed 58560K, reserved 1114112K
  class space    used 7597K, committed 7808K, reserved 1048576K

Heap Regions: E=young(eden), S=young(survivor), O=old, HS=humongous(starts), HC=humongous(continues), CS=collection set, F=free, OA=open archive, CA=closed archive, TAMS=top-at-mark-start (previous, next)
|   0|0x0000000080c00000, 0x0000000080d00000, 0x0000000080d00000|100%|HS|  |TAMS 0x0000000080d00000, 0x0000000080c00000| Complete 
|   1|0x0000000080d00000, 0x0000000080e00000, 0x0000000080e00000|100%| O|  |TAMS 0x0000000080e00000, 0x0000000080d00000| Untracked 
|   2|0x0000000080e00000, 0x0000000080f00000, 0x0000000080f00000|100%| O|  |TAMS 0x0000000080f00000, 0x0000000080e00000| Untracked 
|   3|0x0000000080f00000, 0x0000000081000000, 0x0000000081000000|100%| O|  |TAMS 0x0000000081000000, 0x0000000080f00000| Untracked 
|   4|0x0000000081000000, 0x0000000081100000, 0x0000000081100000|100%| O|  |TAMS 0x0000000081100000, 0x0000000081000000| Untracked 
|   5|0x0000000081100000, 0x0000000081200000, 0x0000000081200000|100%| O|  |TAMS 0x0000000081200000, 0x0000000081100000| Untracked 
|   6|0x0000000081200000, 0x0000000081300000, 0x0000000081300000|100%| O|  |TAMS 0x0000000081300000, 0x0000000081200000| Untracked 
|   7|0x0000000081300000, 0x0000000081400000, 0x0000000081400000|100%| O|  |TAMS 0x0000000081300000, 0x0000000081300000| Untracked 
|   8|0x0000000081400000, 0x0000000081500000, 0x0000000081500000|100%| O|  |TAMS 0x0000000081500000, 0x0000000081400000| Untracked 
|   9|0x0000000081500000, 0x0000000081600000, 0x0000000081600000|100%| O|  |TAMS 0x0000000081600000, 0x0000000081500000| Untracked 
|  10|0x0000000081600000, 0x0000000081700000, 0x0000000081700000|100%| O|  |TAMS 0x0000000081700000, 0x0000000081600000| Untracked 
|  11|0x0000000081700000, 0x0000000081800000, 0x0000000081800000|100%| O|  |TAMS 0x0000000081800000, 0x0000000081700000| Untracked 
|  12|0x0000000081800000, 0x0000000081900000, 0x0000000081900000|100%| O|  |TAMS 0x0000000081900000, 0x0000000081800000| Untracked 
|  13|0x0000000081900000, 0x0000000081a00000, 0x0000000081a00000|100%| O|  |TAMS 0x0000000081a00000, 0x0000000081900000| Untracked 
|  14|0x0000000081a00000, 0x0000000081b00000, 0x0000000081b00000|100%| O|  |TAMS 0x0000000081b00000, 0x0000000081a00000| Untracked 
|  15|0x0000000081b00000, 0x0000000081c00000, 0x0000000081c00000|100%| O|  |TAMS 0x0000000081bc6a00, 0x0000000081b00000| Untracked 
|  16|0x0000000081c00000, 0x0000000081d00000, 0x0000000081d00000|100%| O|  |TAMS 0x0000000081c00000, 0x0000000081c00000| Untracked 
|  17|0x0000000081d00000, 0x0000000081e00000, 0x0000000081e00000|100%| O|  |TAMS 0x0000000081d00000, 0x0000000081d00000| Untracked 
|  18|0x0000000081e00000, 0x0000000081f00000, 0x0000000081f00000|100%| O|  |TAMS 0x0000000081e00000, 0x0000000081e00000| Untracked 
|  19|0x0000000081f00000, 0x0000000082000000, 0x0000000082000000|100%| O|  |TAMS 0x0000000081f00000, 0x0000000081f00000| Untracked 
|  20|0x0000000082000000, 0x0000000082000000, 0x0000000082100000|  0%| F|  |TAMS 0x0000000082000000, 0x0000000082000000| Untracked 
|  21|0x0000000082100000, 0x0000000082200000, 0x0000000082200000|100%| O|  |TAMS 0x0000000082100000, 0x0000000082100000| Untracked 
|  22|0x0000000082200000, 0x0000000082300000, 0x0000000082300000|100%| O|  |TAMS 0x0000000082200000, 0x0000000082200000| Untracked 
|  23|0x0000000082300000, 0x0000000082400000, 0x0000000082400000|100%| O|  |TAMS 0x0000000082300000, 0x0000000082300000| Untracked 
|  24|0x0000000082400000, 0x00000000824c0800, 0x0000000082500000| 75%| O|  |TAMS 0x0000000082400000, 0x0000000082400000| Untracked 
|  25|0x0000000082500000, 0x0000000082500000, 0x0000000082600000|  0%| F|  |TAMS 0x0000000082500000, 0x0000000082500000| Untracked 
|  26|0x0000000082600000, 0x0000000082600000, 0x0000000082700000|  0%| F|  |TAMS 0x0000000082600000, 0x0000000082600000| Untracked 
|  27|0x0000000082700000, 0x0000000082700000, 0x0000000082800000|  0%| F|  |TAMS 0x0000000082700000, 0x0000000082700000| Untracked 
|  28|0x0000000082800000, 0x0000000082800000, 0x0000000082900000|  0%| F|  |TAMS 0x0000000082800000, 0x0000000082800000| Untracked 
|  29|0x0000000082900000, 0x0000000082900000, 0x0000000082a00000|  0%| F|  |TAMS 0x0000000082900000, 0x0000000082900000| Untracked 
|  30|0x0000000082a00000, 0x0000000082a00000, 0x0000000082b00000|  0%| F|  |TAMS 0x0000000082a00000, 0x0000000082a00000| Untracked 
|  31|0x0000000082b00000, 0x0000000082b00000, 0x0000000082c00000|  0%| F|  |TAMS 0x0000000082b00000, 0x0000000082b00000| Untracked 
|  32|0x0000000082c00000, 0x0000000082c00000, 0x0000000082d00000|  0%| F|  |TAMS 0x0000000082c00000, 0x0000000082c00000| Untracked 
|  33|0x0000000082d00000, 0x0000000082d00000, 0x0000000082e00000|  0%| F|  |TAMS 0x0000000082d00000, 0x0000000082d00000| Untracked 
|  34|0x0000000082e00000, 0x0000000082e00000, 0x0000000082f00000|  0%| F|  |TAMS 0x0000000082e00000, 0x0000000082e00000| Untracked 
|  35|0x0000000082f00000, 0x0000000082f00000, 0x0000000083000000|  0%| F|  |TAMS 0x0000000082f00000, 0x0000000082f00000| Untracked 
|  36|0x0000000083000000, 0x0000000083000000, 0x0000000083100000|  0%| F|  |TAMS 0x0000000083000000, 0x0000000083000000| Untracked 
|  37|0x0000000083100000, 0x0000000083100000, 0x0000000083200000|  0%| F|  |TAMS 0x0000000083100000, 0x0000000083100000| Untracked 
|  38|0x0000000083200000, 0x0000000083200000, 0x0000000083300000|  0%| F|  |TAMS 0x0000000083200000, 0x0000000083200000| Untracked 
|  39|0x0000000083300000, 0x0000000083300000, 0x0000000083400000|  0%| F|  |TAMS 0x0000000083300000, 0x0000000083300000| Untracked 
|  40|0x0000000083400000, 0x0000000083400000, 0x0000000083500000|  0%| F|  |TAMS 0x0000000083400000, 0x0000000083400000| Untracked 
|  41|0x0000000083500000, 0x0000000083500000, 0x0000000083600000|  0%| F|  |TAMS 0x0000000083500000, 0x0000000083500000| Untracked 
|  42|0x0000000083600000, 0x0000000083600000, 0x0000000083700000|  0%| F|  |TAMS 0x0000000083600000, 0x0000000083600000| Untracked 
|  43|0x0000000083700000, 0x0000000083700000, 0x0000000083800000|  0%| F|  |TAMS 0x0000000083700000, 0x0000000083700000| Untracked 
|  44|0x0000000083800000, 0x0000000083800000, 0x0000000083900000|  0%| F|  |TAMS 0x0000000083800000, 0x0000000083800000| Untracked 
|  45|0x0000000083900000, 0x0000000083900000, 0x0000000083a00000|  0%| F|  |TAMS 0x0000000083900000, 0x0000000083900000| Untracked 
|  46|0x0000000083a00000, 0x0000000083a00000, 0x0000000083b00000|  0%| F|  |TAMS 0x0000000083a00000, 0x0000000083a00000| Untracked 
|  47|0x0000000083b00000, 0x0000000083b00000, 0x0000000083c00000|  0%| F|  |TAMS 0x0000000083b00000, 0x0000000083b00000| Untracked 
|  48|0x0000000083c00000, 0x0000000083c00000, 0x0000000083d00000|  0%| F|  |TAMS 0x0000000083c00000, 0x0000000083c00000| Untracked 
|  49|0x0000000083d00000, 0x0000000083d00000, 0x0000000083e00000|  0%| F|  |TAMS 0x0000000083d00000, 0x0000000083d00000| Untracked 
|  50|0x0000000083e00000, 0x0000000083ea3000, 0x0000000083f00000| 63%| S|CS|TAMS 0x0000000083e00000, 0x0000000083e00000| Complete 
|  51|0x0000000083f00000, 0x0000000084000000, 0x0000000084000000|100%| S|CS|TAMS 0x0000000083f00000, 0x0000000083f00000| Complete 
|  52|0x0000000084000000, 0x0000000084100000, 0x0000000084100000|100%| S|CS|TAMS 0x0000000084000000, 0x0000000084000000| Complete 
|  53|0x0000000084100000, 0x0000000084200000, 0x0000000084200000|100%| S|CS|TAMS 0x0000000084100000, 0x0000000084100000| Complete 
|  54|0x0000000084200000, 0x0000000084300000, 0x0000000084300000|100%| S|CS|TAMS 0x0000000084200000, 0x0000000084200000| Complete 
|  55|0x0000000084300000, 0x0000000084400000, 0x0000000084400000|100%| S|CS|TAMS 0x0000000084300000, 0x0000000084300000| Complete 
|  56|0x0000000084400000, 0x0000000084400000, 0x0000000084500000|  0%| F|  |TAMS 0x0000000084400000, 0x0000000084400000| Untracked 
|  57|0x0000000084500000, 0x0000000084500000, 0x0000000084600000|  0%| F|  |TAMS 0x0000000084500000, 0x0000000084500000| Untracked 
|  58|0x0000000084600000, 0x0000000084600000, 0x0000000084700000|  0%| F|  |TAMS 0x0000000084600000, 0x0000000084600000| Untracked 
|  59|0x0000000084700000, 0x0000000084700000, 0x0000000084800000|  0%| F|  |TAMS 0x0000000084700000, 0x0000000084700000| Untracked 
|  60|0x0000000084800000, 0x0000000084800000, 0x0000000084900000|  0%| F|  |TAMS 0x0000000084800000, 0x0000000084800000| Untracked 
|  61|0x0000000084900000, 0x0000000084900000, 0x0000000084a00000|  0%| F|  |TAMS 0x0000000084900000, 0x0000000084900000| Untracked 
|  62|0x0000000084a00000, 0x0000000084a00000, 0x0000000084b00000|  0%| F|  |TAMS 0x0000000084a00000, 0x0000000084a00000| Untracked 
|  63|0x0000000084b00000, 0x0000000084b00000, 0x0000000084c00000|  0%| F|  |TAMS 0x0000000084b00000, 0x0000000084b00000| Untracked 
|  64|0x0000000084c00000, 0x0000000084c00000, 0x0000000084d00000|  0%| F|  |TAMS 0x0000000084c00000, 0x0000000084c00000| Untracked 
|  65|0x0000000084d00000, 0x0000000084d00000, 0x0000000084e00000|  0%| F|  |TAMS 0x0000000084d00000, 0x0000000084d00000| Untracked 
|  66|0x0000000084e00000, 0x0000000084e00000, 0x0000000084f00000|  0%| F|  |TAMS 0x0000000084e00000, 0x0000000084e00000| Untracked 
|  67|0x0000000084f00000, 0x0000000084f00000, 0x0000000085000000|  0%| F|  |TAMS 0x0000000084f00000, 0x0000000084f00000| Untracked 
|  68|0x0000000085000000, 0x0000000085000000, 0x0000000085100000|  0%| F|  |TAMS 0x0000000085000000, 0x0000000085000000| Untracked 
|  69|0x0000000085100000, 0x0000000085100000, 0x0000000085200000|  0%| F|  |TAMS 0x0000000085100000, 0x0000000085100000| Untracked 
|  70|0x0000000085200000, 0x0000000085200000, 0x0000000085300000|  0%| F|  |TAMS 0x0000000085200000, 0x0000000085200000| Untracked 
|  71|0x0000000085300000, 0x0000000085300000, 0x0000000085400000|  0%| F|  |TAMS 0x0000000085300000, 0x0000000085300000| Untracked 
|  72|0x0000000085400000, 0x0000000085400000, 0x0000000085500000|  0%| F|  |TAMS 0x0000000085400000, 0x0000000085400000| Untracked 
|  73|0x0000000085500000, 0x0000000085500000, 0x0000000085600000|  0%| F|  |TAMS 0x0000000085500000, 0x0000000085500000| Untracked 
|  74|0x0000000085600000, 0x0000000085600000, 0x0000000085700000|  0%| F|  |TAMS 0x0000000085600000, 0x0000000085600000| Untracked 
|  75|0x0000000085700000, 0x0000000085700000, 0x0000000085800000|  0%| F|  |TAMS 0x0000000085700000, 0x0000000085700000| Untracked 
|  76|0x0000000085800000, 0x0000000085800000, 0x0000000085900000|  0%| F|  |TAMS 0x0000000085800000, 0x0000000085800000| Untracked 
|  77|0x0000000085900000, 0x0000000085900000, 0x0000000085a00000|  0%| F|  |TAMS 0x0000000085900000, 0x0000000085900000| Untracked 
|  78|0x0000000085a00000, 0x0000000085a00000, 0x0000000085b00000|  0%| F|  |TAMS 0x0000000085a00000, 0x0000000085a00000| Untracked 
|  79|0x0000000085b00000, 0x0000000085b00000, 0x0000000085c00000|  0%| F|  |TAMS 0x0000000085b00000, 0x0000000085b00000| Untracked 
|  80|0x0000000085c00000, 0x0000000085c00000, 0x0000000085d00000|  0%| F|  |TAMS 0x0000000085c00000, 0x0000000085c00000| Untracked 
|  81|0x0000000085d00000, 0x0000000085d00000, 0x0000000085e00000|  0%| F|  |TAMS 0x0000000085d00000, 0x0000000085d00000| Untracked 
|  82|0x0000000085e00000, 0x0000000085e00000, 0x0000000085f00000|  0%| F|  |TAMS 0x0000000085e00000, 0x0000000085e00000| Untracked 
|  83|0x0000000085f00000, 0x0000000085f00000, 0x0000000086000000|  0%| F|  |TAMS 0x0000000085f00000, 0x0000000085f00000| Untracked 
|  84|0x0000000086000000, 0x0000000086000000, 0x0000000086100000|  0%| F|  |TAMS 0x0000000086000000, 0x0000000086000000| Untracked 
|  85|0x0000000086100000, 0x0000000086100000, 0x0000000086200000|  0%| F|  |TAMS 0x0000000086100000, 0x0000000086100000| Untracked 
|  86|0x0000000086200000, 0x0000000086200000, 0x0000000086300000|  0%| F|  |TAMS 0x0000000086200000, 0x0000000086200000| Untracked 
|  87|0x0000000086300000, 0x0000000086300000, 0x0000000086400000|  0%| F|  |TAMS 0x0000000086300000, 0x0000000086300000| Untracked 
|  88|0x0000000086400000, 0x0000000086400000, 0x0000000086500000|  0%| F|  |TAMS 0x0000000086400000, 0x0000000086400000| Untracked 
|  89|0x0000000086500000, 0x0000000086500000, 0x0000000086600000|  0%| F|  |TAMS 0x0000000086500000, 0x0000000086500000| Untracked 
|  90|0x0000000086600000, 0x0000000086600000, 0x0000000086700000|  0%| F|  |TAMS 0x0000000086600000, 0x0000000086600000| Untracked 
|  91|0x0000000086700000, 0x0000000086700000, 0x0000000086800000|  0%| F|  |TAMS 0x0000000086700000, 0x0000000086700000| Untracked 
|  92|0x0000000086800000, 0x0000000086800000, 0x0000000086900000|  0%| F|  |TAMS 0x0000000086800000, 0x0000000086800000| Untracked 
|  93|0x0000000086900000, 0x0000000086900000, 0x0000000086a00000|  0%| F|  |TAMS 0x0000000086900000, 0x0000000086900000| Untracked 
|  94|0x0000000086a00000, 0x0000000086a00000, 0x0000000086b00000|  0%| F|  |TAMS 0x0000000086a00000, 0x0000000086a00000| Untracked 
|  95|0x0000000086b00000, 0x0000000086b00000, 0x0000000086c00000|  0%| F|  |TAMS 0x0000000086b00000, 0x0000000086b00000| Untracked 
|  96|0x0000000086c00000, 0x0000000086c00000, 0x0000000086d00000|  0%| F|  |TAMS 0x0000000086c00000, 0x0000000086c00000| Untracked 
|  97|0x0000000086d00000, 0x0000000086d00000, 0x0000000086e00000|  0%| F|  |TAMS 0x0000000086d00000, 0x0000000086d00000| Untracked 
|  98|0x0000000086e00000, 0x0000000086e00000, 0x0000000086f00000|  0%| F|  |TAMS 0x0000000086e00000, 0x0000000086e00000| Untracked 
|  99|0x0000000086f00000, 0x0000000086f00000, 0x0000000087000000|  0%| F|  |TAMS 0x0000000086f00000, 0x0000000086f00000| Untracked 
| 100|0x0000000087000000, 0x0000000087000000, 0x0000000087100000|  0%| F|  |TAMS 0x0000000087000000, 0x0000000087000000| Untracked 
| 101|0x0000000087100000, 0x0000000087100000, 0x0000000087200000|  0%| F|  |TAMS 0x0000000087100000, 0x0000000087100000| Untracked 
| 102|0x0000000087200000, 0x0000000087200000, 0x0000000087300000|  0%| F|  |TAMS 0x0000000087200000, 0x0000000087200000| Untracked 
| 103|0x0000000087300000, 0x0000000087300000, 0x0000000087400000|  0%| F|  |TAMS 0x0000000087300000, 0x0000000087300000| Untracked 
| 104|0x0000000087400000, 0x0000000087400000, 0x0000000087500000|  0%| F|  |TAMS 0x0000000087400000, 0x0000000087400000| Untracked 
| 105|0x0000000087500000, 0x0000000087500000, 0x0000000087600000|  0%| F|  |TAMS 0x0000000087500000, 0x0000000087500000| Untracked 
| 106|0x0000000087600000, 0x0000000087680800, 0x0000000087700000| 50%| E|  |TAMS 0x0000000087600000, 0x0000000087600000| Complete 
| 107|0x0000000087700000, 0x0000000087800000, 0x0000000087800000|100%| E|CS|TAMS 0x0000000087700000, 0x0000000087700000| Complete 
| 108|0x0000000087800000, 0x0000000087900000, 0x0000000087900000|100%| E|CS|TAMS 0x0000000087800000, 0x0000000087800000| Complete 
| 109|0x0000000087900000, 0x0000000087a00000, 0x0000000087a00000|100%| E|CS|TAMS 0x0000000087900000, 0x0000000087900000| Complete 
| 110|0x0000000087a00000, 0x0000000087b00000, 0x0000000087b00000|100%| E|CS|TAMS 0x0000000087a00000, 0x0000000087a00000| Complete 
| 111|0x0000000087b00000, 0x0000000087c00000, 0x0000000087c00000|100%| E|CS|TAMS 0x0000000087b00000, 0x0000000087b00000| Complete 
| 112|0x0000000087c00000, 0x0000000087d00000, 0x0000000087d00000|100%| E|CS|TAMS 0x0000000087c00000, 0x0000000087c00000| Complete 
| 113|0x0000000087d00000, 0x0000000087e00000, 0x0000000087e00000|100%| E|CS|TAMS 0x0000000087d00000, 0x0000000087d00000| Complete 
| 114|0x0000000087e00000, 0x0000000087f00000, 0x0000000087f00000|100%| E|CS|TAMS 0x0000000087e00000, 0x0000000087e00000| Complete 
| 115|0x0000000087f00000, 0x0000000088000000, 0x0000000088000000|100%| E|CS|TAMS 0x0000000087f00000, 0x0000000087f00000| Complete 
| 116|0x0000000088000000, 0x0000000088100000, 0x0000000088100000|100%| E|CS|TAMS 0x0000000088000000, 0x0000000088000000| Complete 
| 117|0x0000000088100000, 0x0000000088200000, 0x0000000088200000|100%| E|CS|TAMS 0x0000000088100000, 0x0000000088100000| Complete 
| 118|0x0000000088200000, 0x0000000088300000, 0x0000000088300000|100%| E|CS|TAMS 0x0000000088200000, 0x0000000088200000| Complete 
| 119|0x0000000088300000, 0x0000000088400000, 0x0000000088400000|100%| E|CS|TAMS 0x0000000088300000, 0x0000000088300000| Complete 
| 120|0x0000000088400000, 0x0000000088500000, 0x0000000088500000|100%| E|CS|TAMS 0x0000000088400000, 0x0000000088400000| Complete 
| 127|0x0000000088b00000, 0x0000000088c00000, 0x0000000088c00000|100%| E|CS|TAMS 0x0000000088b00000, 0x0000000088b00000| Complete 

Card table byte_map: [0x000001f57b5e0000,0x000001f57b9e0000] _byte_map_base: 0x000001f57b1da000

Marking Bits (Prev, Next): (CMBitMap*) 0x000001f570af2200, (CMBitMap*) 0x000001f570af2240
 Prev Bits: [0x000001f57bde0000, 0x000001f57ddb0000)
 Next Bits: [0x000001f57ddb0000, 0x000001f57fd80000)

Polling page: 0x000001f570790000

Metaspace:

Usage:
  Non-class:     49.36 MB used.
      Class:      7.42 MB used.
       Both:     56.78 MB used.

Virtual space:
  Non-class space:       64.00 MB reserved,      49.56 MB ( 77%) committed,  1 nodes.
      Class space:        1.00 GB reserved,       7.62 MB ( <1%) committed,  1 nodes.
             Both:        1.06 GB reserved,      57.19 MB (  5%) committed. 

Chunk freelists:
   Non-Class:  2.06 MB
       Class:  368.00 KB
        Both:  2.42 MB

MaxMetaspaceSize: unlimited
CompressedClassSpaceSize: 1.00 GB
Initial GC threshold: 21.00 MB
Current GC threshold: 58.75 MB
CDS: on
MetaspaceReclaimPolicy: balanced
 - commit_granule_bytes: 65536.
 - commit_granule_words: 8192.
 - virtual_space_node_default_size: 8388608.
 - enlarge_chunks_in_place: 1.
 - new_chunks_are_fully_committed: 0.
 - uncommit_free_chunks: 1.
 - use_allocation_guard: 0.


Internal statistics:

num_allocs_failed_limit: 6.
num_arena_births: 576.
num_arena_deaths: 0.
num_vsnodes_births: 2.
num_vsnodes_deaths: 0.
num_space_committed: 915.
num_space_uncommitted: 0.
num_chunks_returned_to_freelist: 6.
num_chunks_taken_from_freelist: 2652.
num_chunk_merges: 6.
num_chunk_splits: 1916.
num_chunks_enlarged: 1583.
num_inconsistent_stats: 0.

CodeHeap 'non-profiled nmethods': size=119168Kb used=4016Kb max_used=4016Kb free=115152Kb
 bounds [0x000001f507ba0000, 0x000001f507f90000, 0x000001f50f000000]
CodeHeap 'profiled nmethods': size=119104Kb used=12255Kb max_used=12255Kb free=106848Kb
 bounds [0x000001f500000000, 0x000001f500c00000, 0x000001f507450000]
CodeHeap 'non-nmethods': size=7488Kb used=3117Kb max_used=3122Kb free=4370Kb
 bounds [0x000001f507450000, 0x000001f507770000, 0x000001f507ba0000]
 total_blobs=6478 nmethods=5862 adapters=518
 compilation: enabled
              stopped_count=0, restarted_count=0
 full_count=0

Compilation events (20 events):
Event: 5.423 Thread 0x000001f516f5ed60 6631       3       org.springframework.boot.context.properties.bind.DataObjectPropertyName::toDashedForm (147 bytes)
Event: 5.424 Thread 0x000001f516f5ed60 nmethod 6631 0x000001f500becb10 code [0x000001f500bece80, 0x000001f500bee2e8]
Event: 5.437 Thread 0x000001f516108740 6634       3       sun.reflect.generics.tree.BottomSignature::make (4 bytes)
Event: 5.437 Thread 0x000001f516108740 nmethod 6634 0x000001f500068d10 code [0x000001f500068ea0, 0x000001f500068f98]
Event: 5.439 Thread 0x000001f516108740 6635       3       java.beans.PropertyDescriptor::<init> (63 bytes)
Event: 5.439 Thread 0x000001f516108740 nmethod 6635 0x000001f500beeb10 code [0x000001f500beed40, 0x000001f500bef6c8]
Event: 5.443 Thread 0x000001f516108740 6636       3       java.beans.MethodRef::isSet (13 bytes)
Event: 5.443 Thread 0x000001f51173d130 6637  s!   2       java.beans.PropertyDescriptor::getReadMethod (149 bytes)
Event: 5.443 Thread 0x000001f516108740 nmethod 6636 0x000001f500bef990 code [0x000001f500befb20, 0x000001f500befc98]
Event: 5.444 Thread 0x000001f51173d130 nmethod 6637 0x000001f500befd10 code [0x000001f500beff80, 0x000001f500bf07e8]
Event: 5.445 Thread 0x000001f51173d130 6638   !   3       jdk.proxy2.$Proxy44::annotationType (29 bytes)
Event: 5.445 Thread 0x000001f51173d130 nmethod 6638 0x000001f500bf0b90 code [0x000001f500bf0d60, 0x000001f500bf1158]
Event: 5.446 Thread 0x000001f51173d130 6639       3       org.springframework.beans.factory.support.DefaultListableBeanFactory::findAnnotationOnBean (8 bytes)
Event: 5.447 Thread 0x000001f51173d130 nmethod 6639 0x000001f500bf1310 code [0x000001f500bf1580, 0x000001f500bf2258]
Event: 5.447 Thread 0x000001f51173d130 6641       3       org.springframework.beans.propertyeditors.ClassEditor::<init> (20 bytes)
Event: 5.447 Thread 0x000001f516108740 6642       3       org.springframework.beans.propertyeditors.ClassArrayEditor::<init> (20 bytes)
Event: 5.447 Thread 0x000001f516f5ed60 6643       3       org.springframework.core.io.support.ResourceArrayPropertyEditor::<init> (26 bytes)
Event: 5.447 Thread 0x000001f51173d130 nmethod 6641 0x000001f500bf2690 code [0x000001f500bf2860, 0x000001f500bf2c08]
Event: 5.447 Thread 0x000001f516f5ed60 nmethod 6643 0x000001f500bf2d10 code [0x000001f500bf2ee0, 0x000001f500bf33e8]
Event: 5.447 Thread 0x000001f516108740 nmethod 6642 0x000001f500bf3590 code [0x000001f500bf3760, 0x000001f500bf3b08]

GC Heap History (20 events):
Event: 1.536 GC heap before
{Heap before GC invocations=2 (full 0):
 garbage-first heap   total 131072K, used 56034K [0x0000000080c00000, 0x0000000100000000)
  region size 1024K, 50 young (51200K), 4 survivors (4096K)
 Metaspace       used 21271K, committed 21504K, reserved 1114112K
  class space    used 2604K, committed 2752K, reserved 1048576K
}
Event: 1.542 GC heap after
{Heap after GC invocations=3 (full 0):
 garbage-first heap   total 131072K, used 13468K [0x0000000080c00000, 0x0000000100000000)
  region size 1024K, 6 young (6144K), 6 survivors (6144K)
 Metaspace       used 21271K, committed 21504K, reserved 1114112K
  class space    used 2604K, committed 2752K, reserved 1048576K
}
Event: 1.952 GC heap before
{Heap before GC invocations=4 (full 0):
 garbage-first heap   total 51200K, used 38044K [0x0000000080c00000, 0x0000000100000000)
  region size 1024K, 30 young (30720K), 6 survivors (6144K)
 Metaspace       used 25042K, committed 25344K, reserved 1114112K
  class space    used 3105K, committed 3200K, reserved 1048576K
}
Event: 1.963 GC heap after
{Heap after GC invocations=5 (full 0):
 garbage-first heap   total 51200K, used 15228K [0x0000000080c00000, 0x0000000100000000)
  region size 1024K, 2 young (2048K), 2 survivors (2048K)
 Metaspace       used 25042K, committed 25344K, reserved 1114112K
  class space    used 3105K, committed 3200K, reserved 1048576K
}
Event: 1.985 GC heap before
{Heap before GC invocations=5 (full 0):
 garbage-first heap   total 51200K, used 16252K [0x0000000080c00000, 0x0000000100000000)
  region size 1024K, 3 young (3072K), 2 survivors (2048K)
 Metaspace       used 25539K, committed 25856K, reserved 1114112K
  class space    used 3164K, committed 3328K, reserved 1048576K
}
Event: 1.990 GC heap after
{Heap after GC invocations=6 (full 0):
 garbage-first heap   total 51200K, used 15649K [0x0000000080c00000, 0x0000000100000000)
  region size 1024K, 1 young (1024K), 1 survivors (1024K)
 Metaspace       used 25539K, committed 25856K, reserved 1114112K
  class space    used 3164K, committed 3328K, reserved 1048576K
}
Event: 2.316 GC heap before
{Heap before GC invocations=6 (full 0):
 garbage-first heap   total 51200K, used 34081K [0x0000000080c00000, 0x0000000100000000)
  region size 1024K, 20 young (20480K), 1 survivors (1024K)
 Metaspace       used 27947K, committed 28224K, reserved 1114112K
  class space    used 3531K, committed 3648K, reserved 1048576K
}
Event: 2.321 GC heap after
{Heap after GC invocations=7 (full 0):
 garbage-first heap   total 82944K, used 17685K [0x0000000080c00000, 0x0000000100000000)
  region size 1024K, 3 young (3072K), 3 survivors (3072K)
 Metaspace       used 27947K, committed 28224K, reserved 1114112K
  class space    used 3531K, committed 3648K, reserved 1048576K
}
Event: 2.956 GC heap before
{Heap before GC invocations=7 (full 0):
 garbage-first heap   total 82944K, used 57621K [0x0000000080c00000, 0x0000000100000000)
  region size 1024K, 42 young (43008K), 3 survivors (3072K)
 Metaspace       used 32492K, committed 32832K, reserved 1114112K
  class space    used 4044K, committed 4224K, reserved 1048576K
}
Event: 2.964 GC heap after
{Heap after GC invocations=8 (full 0):
 garbage-first heap   total 82944K, used 21087K [0x0000000080c00000, 0x0000000100000000)
  region size 1024K, 6 young (6144K), 6 survivors (6144K)
 Metaspace       used 32492K, committed 32832K, reserved 1114112K
  class space    used 4044K, committed 4224K, reserved 1048576K
}
Event: 3.201 GC heap before
{Heap before GC invocations=8 (full 0):
 garbage-first heap   total 82944K, used 34399K [0x0000000080c00000, 0x0000000100000000)
  region size 1024K, 20 young (20480K), 6 survivors (6144K)
 Metaspace       used 35587K, committed 35968K, reserved 1114112K
  class space    used 4493K, committed 4672K, reserved 1048576K
}
Event: 3.210 GC heap after
{Heap after GC invocations=9 (full 0):
 garbage-first heap   total 82944K, used 22030K [0x0000000080c00000, 0x0000000100000000)
  region size 1024K, 1 young (1024K), 1 survivors (1024K)
 Metaspace       used 35587K, committed 35968K, reserved 1114112K
  class space    used 4493K, committed 4672K, reserved 1048576K
}
Event: 3.961 GC heap before
{Heap before GC invocations=10 (full 0):
 garbage-first heap   total 78848K, used 61966K [0x0000000080c00000, 0x0000000100000000)
  region size 1024K, 40 young (40960K), 1 survivors (1024K)
 Metaspace       used 47006K, committed 47424K, reserved 1114112K
  class space    used 6170K, committed 6336K, reserved 1048576K
}
Event: 3.966 GC heap after
{Heap after GC invocations=11 (full 0):
 garbage-first heap   total 78848K, used 24508K [0x0000000080c00000, 0x0000000100000000)
  region size 1024K, 4 young (4096K), 4 survivors (4096K)
 Metaspace       used 47006K, committed 47424K, reserved 1114112K
  class space    used 6170K, committed 6336K, reserved 1048576K
}
Event: 3.986 GC heap before
{Heap before GC invocations=11 (full 0):
 garbage-first heap   total 78848K, used 25532K [0x0000000080c00000, 0x0000000100000000)
  region size 1024K, 5 young (5120K), 4 survivors (4096K)
 Metaspace       used 47220K, committed 47680K, reserved 1114112K
  class space    used 6206K, committed 6400K, reserved 1048576K
}
Event: 3.990 GC heap after
{Heap after GC invocations=12 (full 0):
 garbage-first heap   total 78848K, used 24869K [0x0000000080c00000, 0x0000000100000000)
  region size 1024K, 1 young (1024K), 1 survivors (1024K)
 Metaspace       used 47220K, committed 47680K, reserved 1114112K
  class space    used 6206K, committed 6400K, reserved 1048576K
}
Event: 4.475 GC heap before
{Heap before GC invocations=12 (full 0):
 garbage-first heap   total 78848K, used 58661K [0x0000000080c00000, 0x0000000100000000)
  region size 1024K, 35 young (35840K), 1 survivors (1024K)
 Metaspace       used 52221K, committed 52672K, reserved 1114112K
  class space    used 6862K, committed 7040K, reserved 1048576K
}
Event: 4.480 GC heap after
{Heap after GC invocations=13 (full 0):
 garbage-first heap   total 124928K, used 26309K [0x0000000080c00000, 0x0000000100000000)
  region size 1024K, 2 young (2048K), 2 survivors (2048K)
 Metaspace       used 52221K, committed 52672K, reserved 1114112K
  class space    used 6862K, committed 7040K, reserved 1048576K
}
Event: 5.259 GC heap before
{Heap before GC invocations=13 (full 0):
 garbage-first heap   total 124928K, used 93893K [0x0000000080c00000, 0x0000000100000000)
  region size 1024K, 68 young (69632K), 2 survivors (2048K)
 Metaspace       used 57245K, committed 57728K, reserved 1114112K
  class space    used 7473K, committed 7680K, reserved 1048576K
}
Event: 5.263 GC heap after
{Heap after GC invocations=14 (full 0):
 garbage-first heap   total 124928K, used 30094K [0x0000000080c00000, 0x0000000100000000)
  region size 1024K, 6 young (6144K), 6 survivors (6144K)
 Metaspace       used 57245K, committed 57728K, reserved 1114112K
  class space    used 7473K, committed 7680K, reserved 1048576K
}

Dll operation events (14 events):
Event: 0.006 Loaded shared library C:\Program Files\Java\jdk-19\bin\java.dll
Event: 0.014 Loaded shared library C:\Program Files\Java\jdk-19\bin\jsvml.dll
Event: 0.111 Loaded shared library C:\Program Files\Java\jdk-19\bin\zip.dll
Event: 0.112 Loaded shared library C:\Program Files\Java\jdk-19\bin\instrument.dll
Event: 0.116 Loaded shared library C:\Program Files\Java\jdk-19\bin\net.dll
Event: 0.118 Loaded shared library C:\Program Files\Java\jdk-19\bin\nio.dll
Event: 0.120 Loaded shared library C:\Program Files\Java\jdk-19\bin\zip.dll
Event: 0.129 Loaded shared library D:\Intelij2\IntelliJ IDEA 2022.2.3\bin\breakgen64.dll
Event: 0.135 Loaded shared library C:\Program Files\Java\jdk-19\bin\extnet.dll
Event: 0.203 Loaded shared library C:\Program Files\Java\jdk-19\bin\jimage.dll
Event: 0.490 Loaded shared library C:\Program Files\Java\jdk-19\bin\verify.dll
Event: 1.007 Loaded shared library C:\Program Files\Java\jdk-19\bin\management.dll
Event: 1.008 Loaded shared library C:\Program Files\Java\jdk-19\bin\management_ext.dll
Event: 2.596 Loaded shared library C:\Program Files\Java\jdk-19\bin\sunmscapi.dll

Deoptimization events (20 events):
Event: 5.414 Thread 0x000001f570a8f1a0 Uncommon trap: trap_request=0xffffffde fr.pc=0x000001f507f475e8 relative=0x00000000000000a8
Event: 5.414 Thread 0x000001f570a8f1a0 Uncommon trap: reason=class_check action=maybe_recompile pc=0x000001f507f475e8 method=org.springframework.core.SerializableTypeWrapper.unwrap(Ljava/lang/reflect/Type;)Ljava/lang/reflect/Type; @ 18 c2
Event: 5.414 Thread 0x000001f570a8f1a0 DEOPT PACKING pc=0x000001f507f475e8 sp=0x000000bf0b9f9ff0
Event: 5.414 Thread 0x000001f570a8f1a0 DEOPT UNPACKING pc=0x000001f5074b6da3 sp=0x000000bf0b9f9f80 mode 2
Event: 5.434 Thread 0x000001f570a8f1a0 Uncommon trap: trap_request=0xffffffde fr.pc=0x000001f507d3d5f8 relative=0x0000000000000058
Event: 5.434 Thread 0x000001f570a8f1a0 Uncommon trap: reason=class_check action=maybe_recompile pc=0x000001f507d3d5f8 method=java.lang.invoke.Invokers$Holder.linkToTargetMethod(Ljava/lang/Object;Ljava/lang/Object;Ljava/lang/Object;)Ljava/lang/Object; @ 1 c2
Event: 5.434 Thread 0x000001f570a8f1a0 DEOPT PACKING pc=0x000001f507d3d5f8 sp=0x000000bf0b9f6f10
Event: 5.434 Thread 0x000001f570a8f1a0 DEOPT UNPACKING pc=0x000001f5074b6da3 sp=0x000000bf0b9f6e98 mode 2
Event: 5.435 Thread 0x000001f570a8f1a0 Uncommon trap: trap_request=0xffffffde fr.pc=0x000001f507d3d5f8 relative=0x0000000000000058
Event: 5.435 Thread 0x000001f570a8f1a0 Uncommon trap: reason=class_check action=maybe_recompile pc=0x000001f507d3d5f8 method=java.lang.invoke.Invokers$Holder.linkToTargetMethod(Ljava/lang/Object;Ljava/lang/Object;Ljava/lang/Object;)Ljava/lang/Object; @ 1 c2
Event: 5.435 Thread 0x000001f570a8f1a0 DEOPT PACKING pc=0x000001f507d3d5f8 sp=0x000000bf0b9f6d80
Event: 5.435 Thread 0x000001f570a8f1a0 DEOPT UNPACKING pc=0x000001f5074b6da3 sp=0x000000bf0b9f6d08 mode 2
Event: 5.435 Thread 0x000001f570a8f1a0 Uncommon trap: trap_request=0xffffffde fr.pc=0x000001f507d3d5f8 relative=0x0000000000000058
Event: 5.435 Thread 0x000001f570a8f1a0 Uncommon trap: reason=class_check action=maybe_recompile pc=0x000001f507d3d5f8 method=java.lang.invoke.Invokers$Holder.linkToTargetMethod(Ljava/lang/Object;Ljava/lang/Object;Ljava/lang/Object;)Ljava/lang/Object; @ 1 c2
Event: 5.435 Thread 0x000001f570a8f1a0 DEOPT PACKING pc=0x000001f507d3d5f8 sp=0x000000bf0b9f6bf0
Event: 5.435 Thread 0x000001f570a8f1a0 DEOPT UNPACKING pc=0x000001f5074b6da3 sp=0x000000bf0b9f6b78 mode 2
Event: 5.436 Thread 0x000001f570a8f1a0 Uncommon trap: trap_request=0xffffffde fr.pc=0x000001f507d3d5f8 relative=0x0000000000000058
Event: 5.436 Thread 0x000001f570a8f1a0 Uncommon trap: reason=class_check action=maybe_recompile pc=0x000001f507d3d5f8 method=java.lang.invoke.Invokers$Holder.linkToTargetMethod(Ljava/lang/Object;Ljava/lang/Object;Ljava/lang/Object;)Ljava/lang/Object; @ 1 c2
Event: 5.436 Thread 0x000001f570a8f1a0 DEOPT PACKING pc=0x000001f507d3d5f8 sp=0x000000bf0b9f6a60
Event: 5.436 Thread 0x000001f570a8f1a0 DEOPT UNPACKING pc=0x000001f5074b6da3 sp=0x000000bf0b9f69e8 mode 2

Classes loaded (20 events):
Event: 5.434 Loading class java/beans/WeakIdentityMap done
Event: 5.434 Loading class java/beans/ThreadGroupContext$1 done
Event: 5.434 Loading class java/beans/WeakIdentityMap$Entry
Event: 5.434 Loading class java/beans/WeakIdentityMap$Entry done
Event: 5.434 Loading class com/sun/beans/finder/BeanInfoFinder
Event: 5.434 Loading class com/sun/beans/finder/InstanceFinder
Event: 5.434 Loading class com/sun/beans/finder/InstanceFinder done
Event: 5.434 Loading class com/sun/beans/finder/BeanInfoFinder done
Event: 5.436 Loading class java/lang/ObjectBeanInfo
Event: 5.436 Loading class java/lang/ObjectBeanInfo done
Event: 5.436 Loading class java/lang/ObjectBeanInfo
Event: 5.436 Loading class java/lang/ObjectBeanInfo done
Event: 5.436 Loading class java/lang/ObjectCustomizer
Event: 5.436 Loading class java/lang/ObjectCustomizer done
Event: 5.436 Loading class java/lang/ObjectCustomizer
Event: 5.436 Loading class java/lang/ObjectCustomizer done
Event: 5.441 Loading class java/lang/ObjectCustomizer
Event: 5.441 Loading class java/lang/ObjectCustomizer done
Event: 5.441 Loading class java/lang/ObjectCustomizer
Event: 5.441 Loading class java/lang/ObjectCustomizer done

Classes unloaded (0 events):
No events

Classes redefined (0 events):
No events

Internal exceptions (20 events):
Event: 5.427 Thread 0x000001f570a8f1a0 Exception <a 'java/lang/ClassNotFoundException'{0x00000000879f7ac0}: org/springframework/core/OrderedCustomizer> (0x00000000879f7ac0) 
thrown [s\open\src\hotspot\share\classfile\systemDictionary.cpp, line 255]
Event: 5.430 Thread 0x000001f570a8f1a0 Exception <a 'java/lang/ClassNotFoundException'{0x0000000087815d20}: java/lang/ObjectCustomizer> (0x0000000087815d20) 
thrown [s\open\src\hotspot\share\classfile\systemDictionary.cpp, line 255]
Event: 5.431 Thread 0x000001f570a8f1a0 Exception <a 'java/lang/ClassNotFoundException'{0x0000000087820238}: org/springframework/boot/autoconfigure/jackson/JacksonAutoConfiguration$ParameterNamesModuleConfigurationCustomizer> (0x0000000087820238) 
thrown [s\open\src\hotspot\share\classfile\systemDictionary.cpp, line 255]
Event: 5.435 Thread 0x000001f570a8f1a0 Exception <a 'java/lang/ClassNotFoundException'{0x0000000087850ea0}: com/fasterxml/jackson/module/paramnames/ParameterNamesModuleBeanInfo> (0x0000000087850ea0) 
thrown [s\open\src\hotspot\share\classfile\systemDictionary.cpp, line 255]
Event: 5.435 Thread 0x000001f570a8f1a0 Exception <a 'java/lang/ClassNotFoundException'{0x0000000087856dd0}: com/fasterxml/jackson/databind/module/SimpleModuleBeanInfo> (0x0000000087856dd0) 
thrown [s\open\src\hotspot\share\classfile\systemDictionary.cpp, line 255]
Event: 5.435 Thread 0x000001f570a8f1a0 Exception <a 'java/lang/ClassNotFoundException'{0x000000008785c8b8}: com/fasterxml/jackson/databind/ModuleBeanInfo> (0x000000008785c8b8) 
thrown [s\open\src\hotspot\share\classfile\systemDictionary.cpp, line 255]
Event: 5.436 Thread 0x000001f570a8f1a0 Exception <a 'java/lang/ClassNotFoundException'{0x000000008785f078}: java/lang/ObjectBeanInfo> (0x000000008785f078) 
thrown [s\open\src\hotspot\share\classfile\systemDictionary.cpp, line 255]
Event: 5.436 Thread 0x000001f570a8f1a0 Exception <a 'java/lang/ClassNotFoundException'{0x0000000087861800}: java/lang/ObjectCustomizer> (0x0000000087861800) 
thrown [s\open\src\hotspot\share\classfile\systemDictionary.cpp, line 255]
Event: 5.436 Thread 0x000001f570a8f1a0 Exception <a 'java/lang/ClassNotFoundException'{0x000000008786ab98}: com/fasterxml/jackson/databind/ModuleCustomizer> (0x000000008786ab98) 
thrown [s\open\src\hotspot\share\classfile\systemDictionary.cpp, line 255]
Event: 5.436 Thread 0x000001f570a8f1a0 Exception <a 'java/lang/ClassNotFoundException'{0x00000000878762c8}: com/fasterxml/jackson/databind/module/SimpleModuleCustomizer> (0x00000000878762c8) 
thrown [s\open\src\hotspot\share\classfile\systemDictionary.cpp, line 255]
Event: 5.437 Thread 0x000001f570a8f1a0 Exception <a 'java/lang/ClassNotFoundException'{0x0000000087899560}: com/fasterxml/jackson/module/paramnames/ParameterNamesModuleCustomizer> (0x0000000087899560) 
thrown [s\open\src\hotspot\share\classfile\systemDictionary.cpp, line 255]
Event: 5.440 Thread 0x000001f570a8f1a0 Exception <a 'java/lang/ClassNotFoundException'{0x00000000878bdf58}: com/fasterxml/jackson/core/VersionedCustomizer> (0x00000000878bdf58) 
thrown [s\open\src\hotspot\share\classfile\systemDictionary.cpp, line 255]
Event: 5.441 Thread 0x000001f570a8f1a0 Exception <a 'java/lang/ClassNotFoundException'{0x00000000878eff00}: java/lang/ObjectCustomizer> (0x00000000878eff00) 
thrown [s\open\src\hotspot\share\classfile\systemDictionary.cpp, line 255]
Event: 5.442 Thread 0x000001f570a8f1a0 Exception <a 'java/lang/ClassNotFoundException'{0x00000000878f9af8}: org/springframework/boot/autoconfigure/jackson/JacksonAutoConfigurationCustomizer> (0x00000000878f9af8) 
thrown [s\open\src\hotspot\share\classfile\systemDictionary.cpp, line 255]
Event: 5.443 Thread 0x000001f570a8f1a0 Exception <a 'java/lang/ClassNotFoundException'{0x00000000877103a8}: org/springframework/boot/jackson/JsonComponentModuleBeanInfo> (0x00000000877103a8) 
thrown [s\open\src\hotspot\share\classfile\systemDictionary.cpp, line 255]
Event: 5.443 Thread 0x000001f570a8f1a0 Exception <a 'java/lang/ClassNotFoundException'{0x00000000877162f8}: org/springframework/boot/jackson/JsonComponentModuleCustomizer> (0x00000000877162f8) 
thrown [s\open\src\hotspot\share\classfile\systemDictionary.cpp, line 255]
Event: 5.444 Thread 0x000001f570a8f1a0 Exception <a 'java/lang/ClassNotFoundException'{0x00000000877345b0}: org/springframework/beans/factory/BeanFactoryAwareCustomizer> (0x00000000877345b0) 
thrown [s\open\src\hotspot\share\classfile\systemDictionary.cpp, line 255]
Event: 5.444 Thread 0x000001f570a8f1a0 Exception <a 'java/lang/ClassNotFoundException'{0x000000008773ba18}: org/springframework/beans/factory/AwareCustomizer> (0x000000008773ba18) 
thrown [s\open\src\hotspot\share\classfile\systemDictionary.cpp, line 255]
Event: 5.444 Thread 0x000001f570a8f1a0 Exception <a 'java/lang/ClassNotFoundException'{0x0000000087741c20}: org/springframework/beans/factory/InitializingBeanCustomizer> (0x0000000087741c20) 
thrown [s\open\src\hotspot\share\classfile\systemDictionary.cpp, line 255]
Event: 5.444 Thread 0x000001f570a8f1a0 Exception <a 'java/lang/ClassNotFoundException'{0x00000000877482b0}: com/fasterxml/jackson/core/VersionedCustomizer> (0x00000000877482b0) 
thrown [s\open\src\hotspot\share\classfile\systemDictionary.cpp, line 255]

VM Operations (20 events):
Event: 4.684 Executing VM operation: ICBufferFull
Event: 4.684 Executing VM operation: ICBufferFull done
Event: 4.829 Executing VM operation: HandshakeAllThreads
Event: 4.829 Executing VM operation: HandshakeAllThreads done
Event: 4.829 Executing VM operation: HandshakeAllThreads
Event: 4.829 Executing VM operation: HandshakeAllThreads done
Event: 4.943 Executing VM operation: HandshakeAllThreads
Event: 4.943 Executing VM operation: HandshakeAllThreads done
Event: 4.943 Executing VM operation: HandshakeAllThreads
Event: 4.943 Executing VM operation: HandshakeAllThreads done
Event: 4.946 Executing VM operation: ICBufferFull
Event: 4.946 Executing VM operation: ICBufferFull done
Event: 5.251 Executing VM operation: ICBufferFull
Event: 5.251 Executing VM operation: ICBufferFull done
Event: 5.259 Executing VM operation: G1CollectForAllocation
Event: 5.263 Executing VM operation: G1CollectForAllocation done
Event: 5.411 Executing VM operation: HandshakeAllThreads
Event: 5.411 Executing VM operation: HandshakeAllThreads done
Event: 5.438 Executing VM operation: HandshakeAllThreads
Event: 5.438 Executing VM operation: HandshakeAllThreads done

Events (20 events):
Event: 2.982 Thread 0x000001f516008070 flushing nmethod 0x000001f5008ab910
Event: 2.982 Thread 0x000001f516008070 flushing nmethod 0x000001f5008ac490
Event: 2.982 Thread 0x000001f516008070 flushing nmethod 0x000001f5008f2710
Event: 2.982 Thread 0x000001f516008070 flushing nmethod 0x000001f500938d90
Event: 2.982 Thread 0x000001f516008070 flushing nmethod 0x000001f500950f90
Event: 2.982 Thread 0x000001f516008070 flushing nmethod 0x000001f500965210
Event: 2.982 Thread 0x000001f516008070 flushing nmethod 0x000001f500983410
Event: 2.982 Thread 0x000001f516008070 flushing nmethod 0x000001f5009a0e10
Event: 2.983 Thread 0x000001f516008070 flushing nmethod 0x000001f5009b6010
Event: 2.983 Thread 0x000001f516008070 flushing nmethod 0x000001f5009ca590
Event: 2.983 Thread 0x000001f516008070 flushing nmethod 0x000001f500a4de90
Event: 2.983 Thread 0x000001f516008070 flushing nmethod 0x000001f500a4ea10
Event: 2.983 Thread 0x000001f516008070 flushing nmethod 0x000001f500a53690
Event: 2.983 Thread 0x000001f516008070 flushing nmethod 0x000001f500a6e710
Event: 3.505 Thread 0x000001f517b84e50 Thread added: 0x000001f517b84e50
Event: 3.620 Thread 0x000001f517092be0 Thread added: 0x000001f517092be0
Event: 4.948 Thread 0x000001f51bd0d580 Thread added: 0x000001f51bd0d580
Event: 4.949 Thread 0x000001f51aac0860 Thread added: 0x000001f51aac0860
Event: 4.954 Thread 0x000001f516008070 flushing nmethod 0x000001f500a52b90
Event: 4.955 Thread 0x000001f5168829d0 Thread added: 0x000001f5168829d0


Dynamic libraries:
0x00007ff7d52a0000 - 0x00007ff7d52b0000 	C:\Program Files\Java\jdk-19\bin\java.exe
0x00007ffdf88d0000 - 0x00007ffdf8ac8000 	C:\WINDOWS\SYSTEM32\ntdll.dll
0x00007ffdf84f0000 - 0x00007ffdf85af000 	C:\WINDOWS\System32\KERNEL32.DLL
0x00007ffdf6310000 - 0x00007ffdf65e2000 	C:\WINDOWS\System32\KERNELBASE.dll
0x00007ffdf61c0000 - 0x00007ffdf62c0000 	C:\WINDOWS\System32\ucrtbase.dll
0x00007ffdf1c00000 - 0x00007ffdf1c1b000 	C:\Program Files\Java\jdk-19\bin\VCRUNTIME140.dll
0x00007ffdf1be0000 - 0x00007ffdf1bf8000 	C:\Program Files\Java\jdk-19\bin\jli.dll
0x00007ffdf7830000 - 0x00007ffdf78de000 	C:\WINDOWS\System32\ADVAPI32.dll
0x00007ffdf7b60000 - 0x00007ffdf7bfe000 	C:\WINDOWS\System32\msvcrt.dll
0x00007ffdf7790000 - 0x00007ffdf782c000 	C:\WINDOWS\System32\sechost.dll
0x00007ffdf8190000 - 0x00007ffdf82b5000 	C:\WINDOWS\System32\RPCRT4.dll
0x00007ffdf79b0000 - 0x00007ffdf7b51000 	C:\WINDOWS\System32\USER32.dll
0x00007ffdf65f0000 - 0x00007ffdf6612000 	C:\WINDOWS\System32\win32u.dll
0x00007ffdf7750000 - 0x00007ffdf777b000 	C:\WINDOWS\System32\GDI32.dll
0x00007ffdea850000 - 0x00007ffdeaaea000 	C:\WINDOWS\WinSxS\amd64_microsoft.windows.common-controls_6595b64144ccf1df_6.0.19041.1110_none_60b5254171f9507e\COMCTL32.dll
0x00007ffdf66d0000 - 0x00007ffdf67df000 	C:\WINDOWS\System32\gdi32full.dll
0x00007ffdf5fc0000 - 0x00007ffdf605d000 	C:\WINDOWS\System32\msvcp_win.dll
0x00007ffdeda60000 - 0x00007ffdeda6a000 	C:\WINDOWS\SYSTEM32\VERSION.dll
0x00007ffdf7710000 - 0x00007ffdf7742000 	C:\WINDOWS\System32\IMM32.DLL
0x00007ffdf1bd0000 - 0x00007ffdf1bdc000 	C:\Program Files\Java\jdk-19\bin\vcruntime140_1.dll
0x00007ffdeab90000 - 0x00007ffdeac1e000 	C:\Program Files\Java\jdk-19\bin\msvcp140.dll
0x00007ffdafe70000 - 0x00007ffdb0b30000 	C:\Program Files\Java\jdk-19\bin\server\jvm.dll
0x00007ffdddba0000 - 0x00007ffdddba9000 	C:\WINDOWS\SYSTEM32\WSOCK32.dll
0x00007ffde8040000 - 0x00007ffde8067000 	C:\WINDOWS\SYSTEM32\WINMM.dll
0x00007ffdf78e0000 - 0x00007ffdf794b000 	C:\WINDOWS\System32\WS2_32.dll
0x00007ffdf3ea0000 - 0x00007ffdf3eb2000 	C:\WINDOWS\SYSTEM32\kernel.appcore.dll
0x00007ffdf1bc0000 - 0x00007ffdf1bca000 	C:\Program Files\Java\jdk-19\bin\jimage.dll
0x00007ffdddda0000 - 0x00007ffdddf84000 	C:\WINDOWS\SYSTEM32\DBGHELP.DLL
0x00007ffddd0a0000 - 0x00007ffddd0d5000 	C:\WINDOWS\SYSTEM32\dbgcore.DLL
0x00007ffdf6880000 - 0x00007ffdf6902000 	C:\WINDOWS\System32\bcryptPrimitives.dll
0x00007ffdf0d30000 - 0x00007ffdf0d3e000 	C:\Program Files\Java\jdk-19\bin\instrument.dll
0x00007ffdef7d0000 - 0x00007ffdef7f6000 	C:\Program Files\Java\jdk-19\bin\java.dll
0x00007ffdea770000 - 0x00007ffdea847000 	C:\Program Files\Java\jdk-19\bin\jsvml.dll
0x00007ffdf6fc0000 - 0x00007ffdf7704000 	C:\WINDOWS\System32\SHELL32.dll
0x00007ffdf40a0000 - 0x00007ffdf4832000 	C:\WINDOWS\SYSTEM32\windows.storage.dll
0x00007ffdf7cf0000 - 0x00007ffdf8045000 	C:\WINDOWS\System32\combase.dll
0x00007ffdf5a20000 - 0x00007ffdf5a50000 	C:\WINDOWS\SYSTEM32\Wldp.dll
0x00007ffdf6a40000 - 0x00007ffdf6aed000 	C:\WINDOWS\System32\SHCORE.dll
0x00007ffdf6f60000 - 0x00007ffdf6fb5000 	C:\WINDOWS\System32\shlwapi.dll
0x00007ffdf5f00000 - 0x00007ffdf5f1f000 	C:\WINDOWS\SYSTEM32\profapi.dll
0x00007ffdeb570000 - 0x00007ffdeb588000 	C:\Program Files\Java\jdk-19\bin\zip.dll
0x00007ffdeb600000 - 0x00007ffdeb613000 	C:\Program Files\Java\jdk-19\bin\net.dll
0x00007ffded450000 - 0x00007ffded55c000 	C:\WINDOWS\SYSTEM32\WINHTTP.dll
0x00007ffdf5780000 - 0x00007ffdf57ea000 	C:\WINDOWS\system32\mswsock.dll
0x00007ffdeb5e0000 - 0x00007ffdeb5f6000 	C:\Program Files\Java\jdk-19\bin\nio.dll
0x00007ffdeadd0000 - 0x00007ffdeadea000 	D:\Intelij2\IntelliJ IDEA 2022.2.3\bin\breakgen64.dll
0x00007ffdead30000 - 0x00007ffdead38000 	C:\Program Files\Java\jdk-19\bin\extnet.dll
0x00007ffdeb8b0000 - 0x00007ffdeb8c0000 	C:\Program Files\Java\jdk-19\bin\verify.dll
0x00007ffdeb560000 - 0x00007ffdeb56a000 	C:\Program Files\Java\jdk-19\bin\management.dll
0x00007ffdeb550000 - 0x00007ffdeb55b000 	C:\Program Files\Java\jdk-19\bin\management_ext.dll
0x00007ffdf6a30000 - 0x00007ffdf6a38000 	C:\WINDOWS\System32\PSAPI.DLL
0x00007ffdcd310000 - 0x00007ffdcd327000 	C:\WINDOWS\system32\napinsp.dll
0x00007ffdcd2f0000 - 0x00007ffdcd30b000 	C:\WINDOWS\system32\pnrpnsp.dll
0x00007ffdcd2d0000 - 0x00007ffdcd2e5000 	C:\WINDOWS\system32\wshbth.dll
0x00007ffdf19f0000 - 0x00007ffdf1a0d000 	C:\WINDOWS\system32\NLAapi.dll
0x00007ffdf5420000 - 0x00007ffdf545b000 	C:\WINDOWS\SYSTEM32\IPHLPAPI.DLL
0x00007ffdf5470000 - 0x00007ffdf553a000 	C:\WINDOWS\SYSTEM32\DNSAPI.dll
0x00007ffdf7780000 - 0x00007ffdf7788000 	C:\WINDOWS\System32\NSI.dll
0x00007ffdcd2b0000 - 0x00007ffdcd2c2000 	C:\WINDOWS\System32\winrnr.dll
0x00007ffde2a00000 - 0x00007ffde2a0a000 	C:\Windows\System32\rasadhlp.dll
0x00007ffde2dd0000 - 0x00007ffde2e50000 	C:\WINDOWS\System32\fwpuclnt.dll
0x00007ffdf6850000 - 0x00007ffdf6877000 	C:\WINDOWS\System32\bcrypt.dll
0x00007ffdf5970000 - 0x00007ffdf5988000 	C:\WINDOWS\SYSTEM32\CRYPTSP.dll
0x00007ffdf5030000 - 0x00007ffdf5064000 	C:\WINDOWS\system32\rsaenh.dll
0x00007ffdf5e80000 - 0x00007ffdf5eae000 	C:\WINDOWS\SYSTEM32\USERENV.dll
0x00007ffdf5990000 - 0x00007ffdf599c000 	C:\WINDOWS\SYSTEM32\CRYPTBASE.dll
0x00007ffded880000 - 0x00007ffded897000 	C:\WINDOWS\SYSTEM32\dhcpcsvc6.DLL
0x00007ffdedcb0000 - 0x00007ffdedccd000 	C:\WINDOWS\SYSTEM32\dhcpcsvc.DLL
0x00007ffdeb4b0000 - 0x00007ffdeb4be000 	C:\Program Files\Java\jdk-19\bin\sunmscapi.dll
0x00007ffdf6060000 - 0x00007ffdf61b6000 	C:\WINDOWS\System32\CRYPT32.dll
0x00007ffdf5a90000 - 0x00007ffdf5ab7000 	C:\WINDOWS\SYSTEM32\ncrypt.dll
0x00007ffdf5a50000 - 0x00007ffdf5a8b000 	C:\WINDOWS\SYSTEM32\NTASN1.dll

dbghelp: loaded successfully - version: 4.0.5 - missing functions: none
symbol engine: initialized successfully - sym options: 0x614 - pdb path: .;C:\Program Files\Java\jdk-19\bin;C:\WINDOWS\SYSTEM32;C:\WINDOWS\WinSxS\amd64_microsoft.windows.common-controls_6595b64144ccf1df_6.0.19041.1110_none_60b5254171f9507e;C:\Program Files\Java\jdk-19\bin\server;D:\Intelij2\IntelliJ IDEA 2022.2.3\bin

VM Arguments:
jvm_args: -ea -Didea.test.cyclic.buffer.size=1048576 -javaagent:D:\Intelij2\IntelliJ IDEA 2022.2.3\lib\idea_rt.jar=58795:D:\Intelij2\IntelliJ IDEA 2022.2.3\bin -Dfile.encoding=UTF-8 -Dsun.stdout.encoding=UTF-8 -Dsun.stderr.encoding=UTF-8 
java_command: com.intellij.rt.junit.JUnitStarter -ideVersion5 -junit5 mk.finki.ukim.mk.lab.LabApplicationTests,getHomePage
java_class_path (initial): C:\Users\USER\.m2\repository\org\junit\platform\junit-platform-launcher\1.8.2\junit-platform-launcher-1.8.2.jar;D:\Intelij2\IntelliJ IDEA 2022.2.3\lib\idea_rt.jar;D:\Intelij2\IntelliJ IDEA 2022.2.3\plugins\junit\lib\junit5-rt.jar;D:\Intelij2\IntelliJ IDEA 2022.2.3\plugins\junit\lib\junit-rt.jar;D:\WebProg\lab\target\test-classes;D:\WebProg\lab\target\classes;C:\Users\USER\.m2\repository\org\springframework\boot\spring-boot-starter-thymeleaf\2.7.5\spring-boot-starter-thymeleaf-2.7.5.jar;C:\Users\USER\.m2\repository\org\springframework\boot\spring-boot-starter\2.7.5\spring-boot-starter-2.7.5.jar;C:\Users\USER\.m2\repository\org\springframework\boot\spring-boot-autoconfigure\2.7.5\spring-boot-autoconfigure-2.7.5.jar;C:\Users\USER\.m2\repository\org\springframework\boot\spring-boot-starter-logging\2.7.5\spring-boot-starter-logging-2.7.5.jar;C:\Users\USER\.m2\repository\ch\qos\logback\logback-classic\1.2.11\logback-classic-1.2.11.jar;C:\Users\USER\.m2\repository\ch\qos\logback\logback-core\1.2.11\logback-core-1.2.11.jar;C:\Users\USER\.m2\repository\org\apache\logging\log4j\log4j-to-slf4j\2.17.2\log4j-to-slf4j-2.17.2.jar;C:\Users\USER\.m2\repository\org\apache\logging\log4j\log4j-api\2.17.2\log4j-api-2.17.2.jar;C:\Users\USER\.m2\repository\org\slf4j\jul-to-slf4j\1.7.36\jul-to-slf4j-1.7.36.jar;C:\Users\USER\.m2\repository\jakarta\annotation\jakarta.annotation-api\1.3.5\jakarta.annotation-api-1.3.5.jar;C:\Users\USER\.m2\repository\org\yaml\snakeyaml\1.30\snakeyaml-1.30.jar;C:\Users\USER\.m2\repository\org\thymeleaf\thymeleaf-spring5\3.0.15.RELEASE\thymeleaf-spring5-3.0.15.RELEASE.jar;C:\Users\USER\.m2\repository\org\thymeleaf\thymeleaf\3.0.15.RELEASE\thymeleaf-3.0.15.RELEASE.jar;C:\Users\USER\.m2\repository\org\attoparser\attoparser\2.0.5.RELEASE\attoparser-2.0.5.RELEASE.jar;C:\Users\USER\.m2\repository\org\unbescape\unbescape\1.1.6.RELEASE\unbescape-1.1.6.RELEASE.jar;C:\Users\USER\.m2\repository\org\thymeleaf\extras\thymeleaf-extras-java8time\3.0.4.RELEASE\thymeleaf-extras-java8time-3.0.4.RELEASE.jar;C:\Users\USER\.m2\repository\org\springframework\boot\spring-boot-starter-web\2.7.5\spring-boot-starter-web-2.7.5.jar;C:\Users\USER\.m2\repository\org\springframework\boot\spring-boot-starter-json\2.7.5\spring-boot-starter-json-2.7.5.jar;C:\Users\USER\.m2\repository\com\fasterxml\jackson\core\jackson-databind\2.13.4.2\jackson-databind-2.13.4.2.jar;C:\Users\USER\.m2\repository\com\fasterxml\jackson\core\jackson-annotations\2.13.4\jackson-annotations-2.13.4.jar;C:\Users\USER\.m2\repository\com\fasterxml\jackson\core\jackson-core\2.13.4\jackson-core-2.13.4.jar;C:\Users\USER\.m2\repository\com\fasterxml\jackson\datatype\jackson-datatype-jdk8\2.13.4\jackson-datatype-jdk8-2.13.4.jar;C:\Users\USER\.m2\repository\com\fasterxml\jackson\datatype\jackson-datatype-jsr310\2.13.4\jackson-datatype-jsr310-2.13.4.jar;C:\Users\USER\.m2\repository\com\fasterxml\jackson\module\jackson-module-parameter-names\2.13.4\jackson-module-parameter-names-2.13.4.jar;C:\Users\USER\.m2\repository\org\springframework\boot\spring-boot-starter-tomcat\2.7.5\spring-boot-starter-tomcat-2.7.5.jar;C:\Users\USER\.m2\repository\org\apache\tomcat\embed\tomcat-embed-core\9.0.68\tomcat-embed-core-9.0.68.jar;C:\Users\USER\.m2\repository\org\apache\tomcat\embed\tomcat-embed-el\9.0.68\tomcat-embed-el-9.0.68.jar;C:\Users\USER\.m2\repository\org\apache\tomcat\embed\tomcat-embed-websocket\9.0.68\tomcat-embed-websocket-9.0.68.jar;C:\Users\USER\.m2\repository\org\springframework\spring-web\5.3.23\spring-web-5.3.23.jar;C:\Users\USER\.m2\repository\org\springframework\spring-beans\5.3.23\spring-beans-5.3.23.jar;C:\Users\USER\.m2\repository\org\springframework\spring-webmvc\5.3.23\spring-webmvc-5.3.23.jar;C:\Users\USER\.m2\repository\org\springframework\spring-context\5.3.23\spring-context-5.3.23.jar;C:\Users\USER\.m2\repository\org\springframework\spring-expression\5.3.23\spring-expression-5.3.23.jar;C:\Users\USER\.m2\repository\org\projectlombok\lombok\1.18.24\lombok-1.18.24.jar;C:\Users\USER\.m2\repository\org\springframework\boot\spring-boot-starter-test\2.7.5\spring-boot-starter-test-2.7.5.jar;C:\Users\USER\.m2\repository\org\springframework\boot\spring-boot-test\2.7.5\spring-boot-test-2.7.5.jar;C:\Users\USER\.m2\repository\org\springframework\boot\spring-boot-test-autoconfigure\2.7.5\spring-boot-test-autoconfigure-2.7.5.jar;C:\Users\USER\.m2\repository\com\jayway\jsonpath\json-path\2.7.0\json-path-2.7.0.jar;C:\Users\USER\.m2\repository\net\minidev\json-smart\2.4.8\json-smart-2.4.8.jar;C:\Users\USER\.m2\repository\net\minidev\accessors-smart\2.4.8\accessors-smart-2.4.8.jar;C:\Users\USER\.m2\repository\org\ow2\asm\asm\9.1\asm-9.1.jar;C:\Users\USER\.m2\repository\jakarta\xml\bind\jakarta.xml.bind-api\2.3.3\jakarta.xml.bind-api-2.3.3.jar;C:\Users\USER\.m2\repository\jakarta\activation\jakarta.activation-api\1.2.2\jakarta.activation-api-1.2.2.jar;C:\Users\USER\.m2\repository\org\assertj\assertj-core\3.22.0\assertj-core-3.22.0.jar;C:\Users\USER\.m2\repository\org\hamcrest\hamcrest\2.2\hamcrest-2.2.jar;C:\Users\USER\.m2\repository\org\junit\jupiter\junit-jupiter\5.8.2\junit-jupiter-5.8.2.jar;C:\Users\USER\.m2\repository\org\junit\jupiter\junit-jupiter-api\5.8.2\junit-jupiter-api-5.8.2.jar;C:\Users\USER\.m2\repository\org\opentest4j\opentest4j\1.2.0\opentest4j-1.2.0.jar;C:\Users\USER\.m2\repository\org\junit\platform\junit-platform-commons\1.8.2\junit-platform-commons-1.8.2.jar;C:\Users\USER\.m2\repository\org\apiguardian\apiguardian-api\1.1.2\apiguardian-api-1.1.2.jar;C:\Users\USER\.m2\repository\org\junit\jupiter\junit-jupiter-params\5.8.2\junit-jupiter-params-5.8.2.jar;C:\Users\USER\.m2\repository\org\junit\jupiter\junit-jupiter-engine\5.8.2\junit-jupiter-engine-5.8.2.jar;C:\Users\USER\.m2\repository\org\junit\platform\junit-platform-engine\1.8.2\junit-platform-engine-1.8.2.jar;C:\Users\USER\.m2\repository\org\mockito\mockito-core\4.5.1\mockito-core-4.5.1.jar;C:\Users\USER\.m2\repository\net\bytebuddy\byte-buddy\1.12.18\byte-buddy-1.12.18.jar;C:\Users\USER\.m2\repository\net\bytebuddy\byte-buddy-agent\1.12.18\byte-buddy-agent-1.12.18.jar;C:\Users\USER\.m2\repository\org\objenesis\objenesis\3.2\objenesis-3.2.jar;C:\Users\USER\.m2\repository\org\mockito\mockito-junit-jupiter\4.5.1\mockito-junit-jupiter-4.5.1.jar;C:\Users\USER\.m2\repository\org\skyscreamer\jsonassert\1.5.1\jsonassert-1.5.1.jar;C:\Users\USER\.m2\repository\com\vaadin\external\google\android-json\0.0.20131108.vaadin1\android-json-0.0.20131108.vaadin1.jar;C:\Users\USER\.m2\repository\org\springframework\spring-core\5.3.23\spring-core-5.3.23.jar;C:\Users\USER\.m2\repository\org\springframework\spring-jcl\5.3.23\spring-jcl-5.3.23.jar;C:\Users\USER\.m2\repository\org\springframework\spring-test\5.3.23\spring-test-5.3.23.jar;C:\Users\USER\.m2\repository\org\xmlunit\xmlunit-core\2.9.0\xmlunit-core-2.9.0.jar;C:\Users\USER\.m2\repository\org\springframework\boot\spring-boot-starter-data-jpa\2.7.5\spring-boot-starter-data-jpa-2.7.5.jar;C:\Users\USER\.m2\repository\org\springframework\boot\spring-boot-starter-aop\2.7.5\spring-boot-starter-aop-2.7.5.jar;C:\Users\USER\.m2\repository\org\aspectj\aspectjweaver\1.9.7\aspectjweaver-1.9.7.jar;C:\Users\USER\.m2\repository\org\springframework\boot\spring-boot-starter-jdbc\2.7.5\spring-boot-starter-jdbc-2.7.5.jar;C:\Users\USER\.m2\repository\com\zaxxer\HikariCP\4.0.3\HikariCP-4.0.3.jar;C:\Users\USER\.m2\repository\org\springframework\spring-jdbc\5.3.23\spring-jdbc-5.3.23.jar;C:\Users\USER\.m2\repository\jakarta\transaction\jakarta.transaction-api\1.3.3\jakarta.transaction-api-1.3.3.jar;C:\Users\USER\.m2\repository\jakarta\persistence\jakarta.persistence-api\2.2.3\jakarta.persistence-api-2.2.3.jar;C:\Users\USER\.m2\repository\org\hibernate\hibernate-core\5.6.12.Final\hibernate-core-5.6.12.Final.jar;C:\Users\USER\.m2\repository\org\jboss\logging\jboss-logging\3.4.3.Final\jboss-logging-3.4.3.Final.jar;C:\Users\USER\.m2\repository\antlr\antlr\2.7.7\antlr-2.7.7.jar;C:\Users\USER\.m2\repository\org\jboss\jandex\2.4.2.Final\jandex-2.4.2.Final.jar;C:\Users\USER\.m2\repository\com\fasterxml\classmate\1.5.1\classmate-1.5.1.jar;C:\Users\USER\.m2\repository\org\hibernate\common\hibernate-commons-annotations\5.1.2.Final\hibernate-commons-annotations-5.1.2.Final.jar;C:\Users\USER\.m2\repository\org\glassfish\jaxb\jaxb-runtime\2.3.7\jaxb-runtime-2.3.7.jar;C:\Users\USER\.m2\repository\org\glassfish\jaxb\txw2\2.3.7\txw2-2.3.7.jar;C:\Users\USER\.m2\repository\com\sun\istack\istack-commons-runtime\3.0.12\istack-commons-runtime-3.0.12.jar;C:\Users\USER\.m2\repository\com\sun\activation\jakarta.activation\1.2.2\jakarta.activation-1.2.2.jar;C:\Users\USER\.m2\repository\org\springframework\data\spring-data-jpa\2.7.5\spring-data-jpa-2.7.5.jar;C:\Users\USER\.m2\repository\org\springframework\data\spring-data-commons\2.7.5\spring-data-commons-2.7.5.jar;C:\Users\USER\.m2\repository\org\springframework\spring-orm\5.3.23\spring-orm-5.3.23.jar;C:\Users\USER\.m2\repository\org\springframework\spring-tx\5.3.23\spring-tx-5.3.23.jar;C:\Users\USER\.m2\repository\org\springframework\spring-aspects\5.3.23\spring-aspects-5.3.23.jar;C:\Users\USER\.m2\repository\org\springframework\boot\spring-boot-actuator\2.7.5\spring-boot-actuator-2.7.5.jar;C:\Users\USER\.m2\repository\org\springframework\boot\spring-boot\2.7.5\spring-boot-2.7.5.jar;C:\Users\USER\.m2\repository\com\h2database\h2\2.1.214\h2-2.1.214.jar;C:\Users\USER\.m2\repository\org\postgresql\postgresql\42.3.7\postgresql-42.3.7.jar;C:\Users\USER\.m2\repository\org\checkerframework\checker-qual\3.5.0\checker-qual-3.5.0.jar;D:\WebProg\WebApp\target\classes;C:\Users\USER\.m2\repository\org\springframework\boot\spring-boot-starter-security\2.7.5\spring-boot-starter-security-2.7.5.jar;C:\Users\USER\.m2\repository\org\springframework\spring-aop\5.3.23\spring-aop-5.3.23.jar;C:\Users\USER\.m2\repository\org\springframework\security\spring-security-config\5.7.4\spring-security-config-5.7.4.jar;C:\Users\USER\.m2\repository\org\springframework\security\spring-security-core\5.7.4\spring-security-core-5.7.4.jar;C:\Users\USER\.m2\repository\org\springframework\security\spring-security-crypto\5.7.4\spring-security-crypto-5.7.4.jar;C:\Users\USER\.m2\repository\org\springframework\security\spring-security-web\5.7.4\spring-security-web-5.7.4.jar;C:\Users\USER\.m2\repository\org\thymeleaf\extras\thymeleaf-extras-springsecurity5\3.0.4.RELEASE\thymeleaf-extras-springsecurity5-3.0.4.RELEASE.jar;C:\Users\USER\.m2\repository\org\slf4j\slf4j-api\1.7.36\slf4j-api-1.7.36.jar
Launcher Type: SUN_STANDARD

[Global flags]
     intx CICompilerCount                          = 12                                        {product} {ergonomic}
     uint ConcGCThreads                            = 3                                         {product} {ergonomic}
     uint G1ConcRefinementThreads                  = 13                                        {product} {ergonomic}
   size_t G1HeapRegionSize                         = 1048576                                   {product} {ergonomic}
    uintx GCDrainStackTargetSize                   = 64                                        {product} {ergonomic}
   size_t InitialHeapSize                          = 134217728                                 {product} {ergonomic}
   size_t MarkStackSize                            = 4194304                                   {product} {ergonomic}
   size_t MaxHeapSize                              = 2134900736                                {product} {ergonomic}
   size_t MaxNewSize                               = 1280311296                                {product} {ergonomic}
   size_t MinHeapDeltaBytes                        = 1048576                                   {product} {ergonomic}
   size_t MinHeapSize                              = 8388608                                   {product} {ergonomic}
    uintx NonNMethodCodeHeapSize                   = 7602480                                {pd product} {ergonomic}
    uintx NonProfiledCodeHeapSize                  = 122027880                              {pd product} {ergonomic}
    uintx ProfiledCodeHeapSize                     = 122027880                              {pd product} {ergonomic}
    uintx ReservedCodeCacheSize                    = 251658240                              {pd product} {ergonomic}
     bool SegmentedCodeCache                       = true                                      {product} {ergonomic}
   size_t SoftMaxHeapSize                          = 2134900736                             {manageable} {ergonomic}
     bool UseCompressedClassPointers               = true                           {product lp64_product} {ergonomic}
     bool UseCompressedOops                        = true                           {product lp64_product} {ergonomic}
     bool UseG1GC                                  = true                                      {product} {ergonomic}
     bool UseLargePagesIndividualAllocation        = false                                  {pd product} {ergonomic}

Logging:
Log output configuration:
 #0: stdout all=warning uptime,level,tags foldmultilines=false
 #1: stderr all=off uptime,level,tags foldmultilines=false

Environment Variables:
JAVA_HOME=C:\Program Files\Java\jdk-19
PATH=C:\Python310\Scripts\;C:\Python310\;C:\Python39\Scripts\;C:\Python39\;C:\Program Files\Java\jdk-19;C:\Program Files\Common Files\Oracle\Java\javapath;C:\Program Files (x86)\Common Files\Oracle\Java\javapath;C:\WINDOWS\system32;C:\WINDOWS;C:\WINDOWS\System32\Wbem;C:\WINDOWS\System32\WindowsPowerShell\v1.0\;C:\WINDOWS\System32\OpenSSH\;C:\ProgramData\chocolatey\bin;C:\Program Files\nodejs\;C:\Program Files\Microsoft SQL Server\150\Tools\Binn\;C:\Program Files\dotnet\;C:\Program Files\Microsoft SQL Server\130\Tools\Binn\;C:\Program Files (x86)\Microsoft SQL Server\150\DTS\Binn\;C:\Program Files\Azure Data Studio\bin;D:\Git\Git\cmd;C:\Program Files\Microsoft SQL Server\Client SDK\ODBC\170\Tools\Binn\;C:\Program Files (x86)\dotnet\;C:\Program Files\Maven\apache-maven-3.8.6\bin;C:\Program Files (x86)\Microsoft SQL Server\150\Tools\Binn\;C:\Program Files\Microsoft SQL Server\150\DTS\Binn\;D:\Gradle\gradle-6.9.3\bin;C:\Program Files (x86)\EaseUS\bin;C:\Program Files\MySQL\MySQL Shell 8.0\bin\;"C:\Users\USER\AppData\Local\Microsoft\WindowsApps;C:\MinGW\bin\;";"C:\Users\USER\AppData\Local\Programs\Microsoft VS Code\bin;";C:\Users\USER\AppData\Local\Programs\Microsoft VS Code\bin;C:\Users\USER\AppData\Local\Microsoft\WindowsApps;C:\Program Files\JetBrains\WebStorm 2020.2.2\bin;;C:\Users\USER\AppData\Roaming\npm;C:\Users\USER\.dotnet\tools;C:\Program Files\Azure Data Studio\bin;C:\Program Files (x86)\EaseUS\bin;
USERNAME=USER
OS=Windows_NT
PROCESSOR_IDENTIFIER=AMD64 Family 23 Model 8 Stepping 2, AuthenticAMD
TMP=C:\Users\USER\AppData\Local\Temp
TEMP=C:\Users\USER\AppData\Local\Temp



---------------  S Y S T E M  ---------------

OS:
 Windows 10 , 64 bit Build 19041 (10.0.19041.2364)
OS uptime: 2 days 3:26 hours

CPU: total 16 (initial active 16) (16 cores per cpu, 2 threads per core) family 23 model 8 stepping 2 microcode 0x0, cx8, cmov, fxsr, ht, mmx, 3dnowpref, sse, sse2, sse3, ssse3, sse4a, sse4.1, sse4.2, popcnt, lzcnt, tsc, tscinvbit, avx, avx2, aes, clmul, bmi1, bmi2, adx, sha, fma, vzeroupper, clflush, clflushopt, rdtscp

Memory: 4k page, system-wide physical 8140M (618M free)
TotalPageFile size 12164M (AvailPageFile size 9M)
current process WorkingSet (physical memory assigned to process): 337M, peak: 345M
current process commit charge ("private bytes"): 390M, peak: 399M

vm_info: Java HotSpot(TM) 64-Bit Server VM (19+36-2238) for windows-amd64 JRE (19+36-2238), built on 2022-08-12T20:29:01Z by "mach5one" with MS VC++ 17.1 (VS2022)

END.
